<?xml version="1.0" encoding="UTF-8"?>
<TestRun id="a328292f-358a-4d7b-bf6a-e38987b0882a" name="Sean@SEANFAOLP1 2009-11-30 21:41:24" runUser="seanfaolp1\Sean" xmlns="http://microsoft.com/schemas/VisualStudio/TeamTest/2010">
  <TestSettings name="Local" id="c523c918-6d7f-4253-bc64-aa12d4934e23">
    <Description>These are default test settings for a local test run.</Description>
    <Deployment enabled="false" runDeploymentRoot="Sean_SEANFAOLP1 2009-11-30 21_41_24">
      <DeploymentItem filename="C:\Language\Web\FrogBlogger\FrogBlogger.Dal\bin\Debug\FrogBlogger.Dal.dll" />
      <DeploymentItem filename="C:\Language\Web\FrogBlogger\FrogBlogger.Web\bin\FrogBlogger.Web.dll" />
    </Deployment>
    <Execution>
      <TestTypeSpecific />
      <AgentRule name="Execution Agents">
      </AgentRule>
    </Execution>
  </TestSettings>
  <Times creation="2009-11-30T21:41:24.2679232-05:00" queuing="2009-11-30T21:41:24.2869243-05:00" start="2009-11-30T21:41:24.3299267-05:00" finish="2009-11-30T21:41:27.1450878-05:00" />
  <ResultSummary outcome="Completed">
    <Counters total="28" executed="28" passed="28" error="0" failed="0" timeout="0" aborted="0" inconclusive="0" passedButRunAborted="0" notRunnable="0" notExecuted="0" disconnected="0" warning="0" completed="0" inProgress="0" pending="0" />
  </ResultSummary>
  <TestDefinitions>
    <UnitTest name="RegisterPostReturnsViewIfEmailNotSpecified" storage="c:\language\web\frogblogger\frogblogger.web.tests\bin\debug\frogblogger.web.tests.dll" id="f10b962a-d76e-7420-e5b1-e4f36ed1c63c">
      <Execution id="9c689a98-a228-48a2-b500-dcb4791ed130" />
      <TestMethod codeBase="C:/Language/Web/FrogBlogger/FrogBlogger.Web.Tests/bin/Debug/FrogBlogger.Web.Tests.DLL" adapterTypeName="Microsoft.VisualStudio.TestTools.TestTypes.Unit.UnitTestAdapter, Microsoft.VisualStudio.QualityTools.Tips.UnitTest.Adapter, Version=10.0.0.0, Culture=neutral, PublicKeyToken=b03f5f7f11d50a3a" className="FrogBlogger.Web.Tests.Controllers.AccountControllerTest, FrogBlogger.Web.Tests, Version=1.0.0.0, Culture=neutral, PublicKeyToken=null" name="RegisterPostReturnsViewIfEmailNotSpecified" />
    </UnitTest>
    <UnitTest name="ChangePasswordSuccess" storage="c:\language\web\frogblogger\frogblogger.web.tests\bin\debug\frogblogger.web.tests.dll" id="3ae650f2-bbc4-86bc-5901-267f16488835">
      <Execution id="3754e4a2-c554-4d90-9f21-4d8c6fc8436c" />
      <TestMethod codeBase="C:/Language/Web/FrogBlogger/FrogBlogger.Web.Tests/bin/Debug/FrogBlogger.Web.Tests.DLL" adapterTypeName="Microsoft.VisualStudio.TestTools.TestTypes.Unit.UnitTestAdapter, Microsoft.VisualStudio.QualityTools.Tips.UnitTest.Adapter, Version=10.0.0.0, Culture=neutral, PublicKeyToken=b03f5f7f11d50a3a" className="FrogBlogger.Web.Tests.Controllers.AccountControllerTest, FrogBlogger.Web.Tests, Version=1.0.0.0, Culture=neutral, PublicKeyToken=null" name="ChangePasswordSuccess" />
    </UnitTest>
    <UnitTest name="LoginPostRedirectsToReturnUrlIfLoginSuccessfulAndReturnUrlGiven" storage="c:\language\web\frogblogger\frogblogger.web.tests\bin\debug\frogblogger.web.tests.dll" id="530774fd-246e-f5a1-7006-11644a65f9da">
      <Execution id="37f7eb90-8ac1-4eb2-9a43-be3816dae2ec" />
      <TestMethod codeBase="C:/Language/Web/FrogBlogger/FrogBlogger.Web.Tests/bin/Debug/FrogBlogger.Web.Tests.DLL" adapterTypeName="Microsoft.VisualStudio.TestTools.TestTypes.Unit.UnitTestAdapter, Microsoft.VisualStudio.QualityTools.Tips.UnitTest.Adapter, Version=10.0.0.0, Culture=neutral, PublicKeyToken=b03f5f7f11d50a3a" className="FrogBlogger.Web.Tests.Controllers.AccountControllerTest, FrogBlogger.Web.Tests, Version=1.0.0.0, Culture=neutral, PublicKeyToken=null" name="LoginPostRedirectsToReturnUrlIfLoginSuccessfulAndReturnUrlGiven" />
    </UnitTest>
    <UnitTest name="CreateTest" storage="c:\language\web\frogblogger\frogblogger.tests\bin\debug\frogblogger.tests.dll" id="6daa841a-f45a-d29e-30d4-032ec089cfda">
      <Execution id="748225c7-e3c5-4e08-b5ae-6f123e70f6dd" />
      <TestMethod codeBase="C:/Language/Web/FrogBlogger/FrogBlogger.Tests/bin/Debug/FrogBlogger.Tests.DLL" adapterTypeName="Microsoft.VisualStudio.TestTools.TestTypes.Unit.UnitTestAdapter, Microsoft.VisualStudio.QualityTools.Tips.UnitTest.Adapter, Version=10.0.0.0, Culture=neutral, PublicKeyToken=b03f5f7f11d50a3a" className="FrogBlogger.Tests.RepositoryTest, FrogBlogger.Tests, Version=1.0.0.0, Culture=neutral, PublicKeyToken=null" name="CreateTest" />
    </UnitTest>
    <UnitTest name="RegisterPostReturnsViewIfPasswordIsNull" storage="c:\language\web\frogblogger\frogblogger.web.tests\bin\debug\frogblogger.web.tests.dll" id="a327f85f-9010-010b-714e-1c85859c8d10">
      <Execution id="3f9bbf64-a117-4895-8046-b9a715b393dc" />
      <TestMethod codeBase="C:/Language/Web/FrogBlogger/FrogBlogger.Web.Tests/bin/Debug/FrogBlogger.Web.Tests.DLL" adapterTypeName="Microsoft.VisualStudio.TestTools.TestTypes.Unit.UnitTestAdapter, Microsoft.VisualStudio.QualityTools.Tips.UnitTest.Adapter, Version=10.0.0.0, Culture=neutral, PublicKeyToken=b03f5f7f11d50a3a" className="FrogBlogger.Web.Tests.Controllers.AccountControllerTest, FrogBlogger.Web.Tests, Version=1.0.0.0, Culture=neutral, PublicKeyToken=null" name="RegisterPostReturnsViewIfPasswordIsNull" />
    </UnitTest>
    <UnitTest name="ChangePasswordPostReturnsViewIfNewPasswordIsTooShort" storage="c:\language\web\frogblogger\frogblogger.web.tests\bin\debug\frogblogger.web.tests.dll" id="07781006-b0a9-3a6f-8504-9525f876084b">
      <Execution id="37e3ccbb-72ef-425e-b060-0fa5bdaea1cb" />
      <TestMethod codeBase="C:/Language/Web/FrogBlogger/FrogBlogger.Web.Tests/bin/Debug/FrogBlogger.Web.Tests.DLL" adapterTypeName="Microsoft.VisualStudio.TestTools.TestTypes.Unit.UnitTestAdapter, Microsoft.VisualStudio.QualityTools.Tips.UnitTest.Adapter, Version=10.0.0.0, Culture=neutral, PublicKeyToken=b03f5f7f11d50a3a" className="FrogBlogger.Web.Tests.Controllers.AccountControllerTest, FrogBlogger.Web.Tests, Version=1.0.0.0, Culture=neutral, PublicKeyToken=null" name="ChangePasswordPostReturnsViewIfNewPasswordIsTooShort" />
    </UnitTest>
    <UnitTest name="ChangePasswordPostReturnsViewIfProviderRejectsPassword" storage="c:\language\web\frogblogger\frogblogger.web.tests\bin\debug\frogblogger.web.tests.dll" id="addf1109-fdcc-a26a-a59f-20d484056000">
      <Execution id="01e304f0-7f00-4e04-947f-f67609292a7f" />
      <TestMethod codeBase="C:/Language/Web/FrogBlogger/FrogBlogger.Web.Tests/bin/Debug/FrogBlogger.Web.Tests.DLL" adapterTypeName="Microsoft.VisualStudio.TestTools.TestTypes.Unit.UnitTestAdapter, Microsoft.VisualStudio.QualityTools.Tips.UnitTest.Adapter, Version=10.0.0.0, Culture=neutral, PublicKeyToken=b03f5f7f11d50a3a" className="FrogBlogger.Web.Tests.Controllers.AccountControllerTest, FrogBlogger.Web.Tests, Version=1.0.0.0, Culture=neutral, PublicKeyToken=null" name="ChangePasswordPostReturnsViewIfProviderRejectsPassword" />
    </UnitTest>
    <UnitTest name="ChangePasswordPostRedirectsOnSuccess" storage="c:\language\web\frogblogger\frogblogger.web.tests\bin\debug\frogblogger.web.tests.dll" id="3bd3cbb1-af11-f4d7-55c2-f9720d71df29">
      <Execution id="69f62e2a-0ddd-4524-bb80-19669067c7f6" />
      <TestMethod codeBase="C:/Language/Web/FrogBlogger/FrogBlogger.Web.Tests/bin/Debug/FrogBlogger.Web.Tests.DLL" adapterTypeName="Microsoft.VisualStudio.TestTools.TestTypes.Unit.UnitTestAdapter, Microsoft.VisualStudio.QualityTools.Tips.UnitTest.Adapter, Version=10.0.0.0, Culture=neutral, PublicKeyToken=b03f5f7f11d50a3a" className="FrogBlogger.Web.Tests.Controllers.AccountControllerTest, FrogBlogger.Web.Tests, Version=1.0.0.0, Culture=neutral, PublicKeyToken=null" name="ChangePasswordPostRedirectsOnSuccess" />
    </UnitTest>
    <UnitTest name="LoginPostReturnsViewIfUsernameNotSpecified" storage="c:\language\web\frogblogger\frogblogger.web.tests\bin\debug\frogblogger.web.tests.dll" id="64dc0e59-0a24-fcc8-8a3e-0e3dc0901dc5">
      <Execution id="f091bb3b-13ef-4034-b22a-3a5ede3a454e" />
      <TestMethod codeBase="C:/Language/Web/FrogBlogger/FrogBlogger.Web.Tests/bin/Debug/FrogBlogger.Web.Tests.DLL" adapterTypeName="Microsoft.VisualStudio.TestTools.TestTypes.Unit.UnitTestAdapter, Microsoft.VisualStudio.QualityTools.Tips.UnitTest.Adapter, Version=10.0.0.0, Culture=neutral, PublicKeyToken=b03f5f7f11d50a3a" className="FrogBlogger.Web.Tests.Controllers.AccountControllerTest, FrogBlogger.Web.Tests, Version=1.0.0.0, Culture=neutral, PublicKeyToken=null" name="LoginPostReturnsViewIfUsernameNotSpecified" />
    </UnitTest>
    <UnitTest name="LoginPostReturnsViewIfUsernameOrPasswordIsIncorrect" storage="c:\language\web\frogblogger\frogblogger.web.tests\bin\debug\frogblogger.web.tests.dll" id="2126fbff-b698-e4e5-da95-000f5a6c3b0a">
      <Execution id="7394dba6-90aa-40e3-b47d-9b62546634ac" />
      <TestMethod codeBase="C:/Language/Web/FrogBlogger/FrogBlogger.Web.Tests/bin/Debug/FrogBlogger.Web.Tests.DLL" adapterTypeName="Microsoft.VisualStudio.TestTools.TestTypes.Unit.UnitTestAdapter, Microsoft.VisualStudio.QualityTools.Tips.UnitTest.Adapter, Version=10.0.0.0, Culture=neutral, PublicKeyToken=b03f5f7f11d50a3a" className="FrogBlogger.Web.Tests.Controllers.AccountControllerTest, FrogBlogger.Web.Tests, Version=1.0.0.0, Culture=neutral, PublicKeyToken=null" name="LoginPostReturnsViewIfUsernameOrPasswordIsIncorrect" />
    </UnitTest>
    <UnitTest name="LoginPostRedirectsHomeIfLoginSuccessfulButNoReturnUrlGiven" storage="c:\language\web\frogblogger\frogblogger.web.tests\bin\debug\frogblogger.web.tests.dll" id="66a93b30-13be-a5ce-1b16-a32f34b2e3a0">
      <Execution id="2b2bc7dc-bde6-46ba-ab97-2a37b1479d05" />
      <TestMethod codeBase="C:/Language/Web/FrogBlogger/FrogBlogger.Web.Tests/bin/Debug/FrogBlogger.Web.Tests.DLL" adapterTypeName="Microsoft.VisualStudio.TestTools.TestTypes.Unit.UnitTestAdapter, Microsoft.VisualStudio.QualityTools.Tips.UnitTest.Adapter, Version=10.0.0.0, Culture=neutral, PublicKeyToken=b03f5f7f11d50a3a" className="FrogBlogger.Web.Tests.Controllers.AccountControllerTest, FrogBlogger.Web.Tests, Version=1.0.0.0, Culture=neutral, PublicKeyToken=null" name="LoginPostRedirectsHomeIfLoginSuccessfulButNoReturnUrlGiven" />
    </UnitTest>
    <UnitTest name="LoginPostReturnsViewIfPasswordNotSpecified" storage="c:\language\web\frogblogger\frogblogger.web.tests\bin\debug\frogblogger.web.tests.dll" id="64da27e1-c4a9-ac41-325d-3e8e47a9505d">
      <Execution id="60286a62-3c3c-4f1b-917b-8a5adf2322f4" />
      <TestMethod codeBase="C:/Language/Web/FrogBlogger/FrogBlogger.Web.Tests/bin/Debug/FrogBlogger.Web.Tests.DLL" adapterTypeName="Microsoft.VisualStudio.TestTools.TestTypes.Unit.UnitTestAdapter, Microsoft.VisualStudio.QualityTools.Tips.UnitTest.Adapter, Version=10.0.0.0, Culture=neutral, PublicKeyToken=b03f5f7f11d50a3a" className="FrogBlogger.Web.Tests.Controllers.AccountControllerTest, FrogBlogger.Web.Tests, Version=1.0.0.0, Culture=neutral, PublicKeyToken=null" name="LoginPostReturnsViewIfPasswordNotSpecified" />
    </UnitTest>
    <UnitTest name="ChangePasswordPostReturnsViewIfNewPasswordDoesNotMatchConfirmPassword" storage="c:\language\web\frogblogger\frogblogger.web.tests\bin\debug\frogblogger.web.tests.dll" id="f8981536-bb73-b477-5f09-8a468de4b0d6">
      <Execution id="c4da8568-e6bc-49a5-af98-f5f1cad4e70d" />
      <TestMethod codeBase="C:/Language/Web/FrogBlogger/FrogBlogger.Web.Tests/bin/Debug/FrogBlogger.Web.Tests.DLL" adapterTypeName="Microsoft.VisualStudio.TestTools.TestTypes.Unit.UnitTestAdapter, Microsoft.VisualStudio.QualityTools.Tips.UnitTest.Adapter, Version=10.0.0.0, Culture=neutral, PublicKeyToken=b03f5f7f11d50a3a" className="FrogBlogger.Web.Tests.Controllers.AccountControllerTest, FrogBlogger.Web.Tests, Version=1.0.0.0, Culture=neutral, PublicKeyToken=null" name="ChangePasswordPostReturnsViewIfNewPasswordDoesNotMatchConfirmPassword" />
    </UnitTest>
    <UnitTest name="About" storage="c:\language\web\frogblogger\frogblogger.web.tests\bin\debug\frogblogger.web.tests.dll" id="60607752-d99d-49f1-cd7c-f40eaf612519">
      <Execution id="0cb56c22-605d-425b-a5c4-e10ca1a1f068" />
      <TestMethod codeBase="C:/Language/Web/FrogBlogger/FrogBlogger.Web.Tests/bin/Debug/FrogBlogger.Web.Tests.DLL" adapterTypeName="Microsoft.VisualStudio.TestTools.TestTypes.Unit.UnitTestAdapter, Microsoft.VisualStudio.QualityTools.Tips.UnitTest.Adapter, Version=10.0.0.0, Culture=neutral, PublicKeyToken=b03f5f7f11d50a3a" className="FrogBlogger.Web.Tests.Controllers.HomeControllerTest, FrogBlogger.Web.Tests, Version=1.0.0.0, Culture=neutral, PublicKeyToken=null" name="About" />
    </UnitTest>
    <UnitTest name="RegisterGet" storage="c:\language\web\frogblogger\frogblogger.web.tests\bin\debug\frogblogger.web.tests.dll" id="8705de75-aa27-3c0b-e7d7-7a031141d2af">
      <Execution id="7c238d27-5a45-46f7-a397-fe521bb22e35" />
      <TestMethod codeBase="C:/Language/Web/FrogBlogger/FrogBlogger.Web.Tests/bin/Debug/FrogBlogger.Web.Tests.DLL" adapterTypeName="Microsoft.VisualStudio.TestTools.TestTypes.Unit.UnitTestAdapter, Microsoft.VisualStudio.QualityTools.Tips.UnitTest.Adapter, Version=10.0.0.0, Culture=neutral, PublicKeyToken=b03f5f7f11d50a3a" className="FrogBlogger.Web.Tests.Controllers.AccountControllerTest, FrogBlogger.Web.Tests, Version=1.0.0.0, Culture=neutral, PublicKeyToken=null" name="RegisterGet" />
    </UnitTest>
    <UnitTest name="RegisterPostReturnsViewIfRegistrationFails" storage="c:\language\web\frogblogger\frogblogger.web.tests\bin\debug\frogblogger.web.tests.dll" id="27b0a65f-9909-5003-537e-59445e3de9ce">
      <Execution id="430c57de-0814-4d9e-9ec5-991c5a9e13d1" />
      <TestMethod codeBase="C:/Language/Web/FrogBlogger/FrogBlogger.Web.Tests/bin/Debug/FrogBlogger.Web.Tests.DLL" adapterTypeName="Microsoft.VisualStudio.TestTools.TestTypes.Unit.UnitTestAdapter, Microsoft.VisualStudio.QualityTools.Tips.UnitTest.Adapter, Version=10.0.0.0, Culture=neutral, PublicKeyToken=b03f5f7f11d50a3a" className="FrogBlogger.Web.Tests.Controllers.AccountControllerTest, FrogBlogger.Web.Tests, Version=1.0.0.0, Culture=neutral, PublicKeyToken=null" name="RegisterPostReturnsViewIfRegistrationFails" />
    </UnitTest>
    <UnitTest name="LogOff" storage="c:\language\web\frogblogger\frogblogger.web.tests\bin\debug\frogblogger.web.tests.dll" id="378cf42e-2a25-8603-4868-3fb087928de3">
      <Execution id="0da552e2-1c1f-4009-a37b-f0d6b0f5d6ec" />
      <TestMethod codeBase="C:/Language/Web/FrogBlogger/FrogBlogger.Web.Tests/bin/Debug/FrogBlogger.Web.Tests.DLL" adapterTypeName="Microsoft.VisualStudio.TestTools.TestTypes.Unit.UnitTestAdapter, Microsoft.VisualStudio.QualityTools.Tips.UnitTest.Adapter, Version=10.0.0.0, Culture=neutral, PublicKeyToken=b03f5f7f11d50a3a" className="FrogBlogger.Web.Tests.Controllers.AccountControllerTest, FrogBlogger.Web.Tests, Version=1.0.0.0, Culture=neutral, PublicKeyToken=null" name="LogOff" />
    </UnitTest>
    <UnitTest name="ChangePasswordGetReturnsView" storage="c:\language\web\frogblogger\frogblogger.web.tests\bin\debug\frogblogger.web.tests.dll" id="d157f167-62aa-b633-df12-b2be68680b24">
      <Execution id="1667a872-5ca9-48a8-abca-71b68cd10c82" />
      <TestMethod codeBase="C:/Language/Web/FrogBlogger/FrogBlogger.Web.Tests/bin/Debug/FrogBlogger.Web.Tests.DLL" adapterTypeName="Microsoft.VisualStudio.TestTools.TestTypes.Unit.UnitTestAdapter, Microsoft.VisualStudio.QualityTools.Tips.UnitTest.Adapter, Version=10.0.0.0, Culture=neutral, PublicKeyToken=b03f5f7f11d50a3a" className="FrogBlogger.Web.Tests.Controllers.AccountControllerTest, FrogBlogger.Web.Tests, Version=1.0.0.0, Culture=neutral, PublicKeyToken=null" name="ChangePasswordGetReturnsView" />
    </UnitTest>
    <UnitTest name="RegisterPostReturnsViewIfNewPasswordDoesNotMatchConfirmPassword" storage="c:\language\web\frogblogger\frogblogger.web.tests\bin\debug\frogblogger.web.tests.dll" id="989bf413-9b64-b295-81a9-c1f4dad6c6af">
      <Execution id="0472f34e-ef21-45cb-b309-3d883a60e920" />
      <TestMethod codeBase="C:/Language/Web/FrogBlogger/FrogBlogger.Web.Tests/bin/Debug/FrogBlogger.Web.Tests.DLL" adapterTypeName="Microsoft.VisualStudio.TestTools.TestTypes.Unit.UnitTestAdapter, Microsoft.VisualStudio.QualityTools.Tips.UnitTest.Adapter, Version=10.0.0.0, Culture=neutral, PublicKeyToken=b03f5f7f11d50a3a" className="FrogBlogger.Web.Tests.Controllers.AccountControllerTest, FrogBlogger.Web.Tests, Version=1.0.0.0, Culture=neutral, PublicKeyToken=null" name="RegisterPostReturnsViewIfNewPasswordDoesNotMatchConfirmPassword" />
    </UnitTest>
    <UnitTest name="ChangePasswordPostReturnsViewIfCurrentPasswordNotSpecified" storage="c:\language\web\frogblogger\frogblogger.web.tests\bin\debug\frogblogger.web.tests.dll" id="d0e0adc6-69cf-7f5c-5748-4ae4a0bd7984">
      <Execution id="24e7eacb-3d1c-4e23-b45c-1b680f8d54a0" />
      <TestMethod codeBase="C:/Language/Web/FrogBlogger/FrogBlogger.Web.Tests/bin/Debug/FrogBlogger.Web.Tests.DLL" adapterTypeName="Microsoft.VisualStudio.TestTools.TestTypes.Unit.UnitTestAdapter, Microsoft.VisualStudio.QualityTools.Tips.UnitTest.Adapter, Version=10.0.0.0, Culture=neutral, PublicKeyToken=b03f5f7f11d50a3a" className="FrogBlogger.Web.Tests.Controllers.AccountControllerTest, FrogBlogger.Web.Tests, Version=1.0.0.0, Culture=neutral, PublicKeyToken=null" name="ChangePasswordPostReturnsViewIfCurrentPasswordNotSpecified" />
    </UnitTest>
    <UnitTest name="RegisterPostReturnsViewIfPasswordIsTooShort" storage="c:\language\web\frogblogger\frogblogger.web.tests\bin\debug\frogblogger.web.tests.dll" id="e600770e-0f32-ded8-fd02-cdb7f624cf43">
      <Execution id="e12d0acd-e5ea-43ee-aada-314a34d6460b" />
      <TestMethod codeBase="C:/Language/Web/FrogBlogger/FrogBlogger.Web.Tests/bin/Debug/FrogBlogger.Web.Tests.DLL" adapterTypeName="Microsoft.VisualStudio.TestTools.TestTypes.Unit.UnitTestAdapter, Microsoft.VisualStudio.QualityTools.Tips.UnitTest.Adapter, Version=10.0.0.0, Culture=neutral, PublicKeyToken=b03f5f7f11d50a3a" className="FrogBlogger.Web.Tests.Controllers.AccountControllerTest, FrogBlogger.Web.Tests, Version=1.0.0.0, Culture=neutral, PublicKeyToken=null" name="RegisterPostReturnsViewIfPasswordIsTooShort" />
    </UnitTest>
    <UnitTest name="ConstructorSetsPropertiesToDefaultValues" storage="c:\language\web\frogblogger\frogblogger.web.tests\bin\debug\frogblogger.web.tests.dll" id="40d8ce23-5753-83eb-d60b-e631cdf73f6a">
      <Execution id="28eece6b-3f09-4bfd-a1b8-52610f226d90" />
      <TestMethod codeBase="C:/Language/Web/FrogBlogger/FrogBlogger.Web.Tests/bin/Debug/FrogBlogger.Web.Tests.DLL" adapterTypeName="Microsoft.VisualStudio.TestTools.TestTypes.Unit.UnitTestAdapter, Microsoft.VisualStudio.QualityTools.Tips.UnitTest.Adapter, Version=10.0.0.0, Culture=neutral, PublicKeyToken=b03f5f7f11d50a3a" className="FrogBlogger.Web.Tests.Controllers.AccountControllerTest, FrogBlogger.Web.Tests, Version=1.0.0.0, Culture=neutral, PublicKeyToken=null" name="ConstructorSetsPropertiesToDefaultValues" />
    </UnitTest>
    <UnitTest name="RegisterPostRedirectsHomeIfRegistrationSuccessful" storage="c:\language\web\frogblogger\frogblogger.web.tests\bin\debug\frogblogger.web.tests.dll" id="f65198d7-8f9f-a078-7c7d-7eb8d2e14808">
      <Execution id="42356c75-99fb-40ce-a014-1a2727b03884" />
      <TestMethod codeBase="C:/Language/Web/FrogBlogger/FrogBlogger.Web.Tests/bin/Debug/FrogBlogger.Web.Tests.DLL" adapterTypeName="Microsoft.VisualStudio.TestTools.TestTypes.Unit.UnitTestAdapter, Microsoft.VisualStudio.QualityTools.Tips.UnitTest.Adapter, Version=10.0.0.0, Culture=neutral, PublicKeyToken=b03f5f7f11d50a3a" className="FrogBlogger.Web.Tests.Controllers.AccountControllerTest, FrogBlogger.Web.Tests, Version=1.0.0.0, Culture=neutral, PublicKeyToken=null" name="RegisterPostRedirectsHomeIfRegistrationSuccessful" />
    </UnitTest>
    <UnitTest name="LoginGet" storage="c:\language\web\frogblogger\frogblogger.web.tests\bin\debug\frogblogger.web.tests.dll" id="bbed69ad-ff3e-2200-3681-913906eebaa9">
      <Execution id="363bcbdc-e32d-4e39-b542-b1e1f06ac252" />
      <TestMethod codeBase="C:/Language/Web/FrogBlogger/FrogBlogger.Web.Tests/bin/Debug/FrogBlogger.Web.Tests.DLL" adapterTypeName="Microsoft.VisualStudio.TestTools.TestTypes.Unit.UnitTestAdapter, Microsoft.VisualStudio.QualityTools.Tips.UnitTest.Adapter, Version=10.0.0.0, Culture=neutral, PublicKeyToken=b03f5f7f11d50a3a" className="FrogBlogger.Web.Tests.Controllers.AccountControllerTest, FrogBlogger.Web.Tests, Version=1.0.0.0, Culture=neutral, PublicKeyToken=null" name="LoginGet" />
    </UnitTest>
    <UnitTest name="RegisterPostReturnsViewIfUsernameNotSpecified" storage="c:\language\web\frogblogger\frogblogger.web.tests\bin\debug\frogblogger.web.tests.dll" id="5b123ecc-4811-dfc8-3daf-c0513d33c411">
      <Execution id="1d552789-6c6d-46e9-90be-454b2785cb3d" />
      <TestMethod codeBase="C:/Language/Web/FrogBlogger/FrogBlogger.Web.Tests/bin/Debug/FrogBlogger.Web.Tests.DLL" adapterTypeName="Microsoft.VisualStudio.TestTools.TestTypes.Unit.UnitTestAdapter, Microsoft.VisualStudio.QualityTools.Tips.UnitTest.Adapter, Version=10.0.0.0, Culture=neutral, PublicKeyToken=b03f5f7f11d50a3a" className="FrogBlogger.Web.Tests.Controllers.AccountControllerTest, FrogBlogger.Web.Tests, Version=1.0.0.0, Culture=neutral, PublicKeyToken=null" name="RegisterPostReturnsViewIfUsernameNotSpecified" />
    </UnitTest>
    <UnitTest name="Index" storage="c:\language\web\frogblogger\frogblogger.web.tests\bin\debug\frogblogger.web.tests.dll" id="a24a1ed7-7b51-f4a2-5121-06809aa2c911">
      <Execution id="3e186cad-fbe2-41d4-b56d-fba2649204da" />
      <TestMethod codeBase="C:/Language/Web/FrogBlogger/FrogBlogger.Web.Tests/bin/Debug/FrogBlogger.Web.Tests.DLL" adapterTypeName="Microsoft.VisualStudio.TestTools.TestTypes.Unit.UnitTestAdapter, Microsoft.VisualStudio.QualityTools.Tips.UnitTest.Adapter, Version=10.0.0.0, Culture=neutral, PublicKeyToken=b03f5f7f11d50a3a" className="FrogBlogger.Web.Tests.Controllers.HomeControllerTest, FrogBlogger.Web.Tests, Version=1.0.0.0, Culture=neutral, PublicKeyToken=null" name="Index" />
    </UnitTest>
    <UnitTest name="ConstructorSetsProperties" storage="c:\language\web\frogblogger\frogblogger.web.tests\bin\debug\frogblogger.web.tests.dll" id="9af8153b-8063-399e-f0f9-0bf22449261d">
      <Execution id="8780de1c-523a-4e80-a961-c7b057c09057" />
      <TestMethod codeBase="C:/Language/Web/FrogBlogger/FrogBlogger.Web.Tests/bin/Debug/FrogBlogger.Web.Tests.DLL" adapterTypeName="Microsoft.VisualStudio.TestTools.TestTypes.Unit.UnitTestAdapter, Microsoft.VisualStudio.QualityTools.Tips.UnitTest.Adapter, Version=10.0.0.0, Culture=neutral, PublicKeyToken=b03f5f7f11d50a3a" className="FrogBlogger.Web.Tests.Controllers.AccountControllerTest, FrogBlogger.Web.Tests, Version=1.0.0.0, Culture=neutral, PublicKeyToken=null" name="ConstructorSetsProperties" />
    </UnitTest>
    <UnitTest name="ChangePasswordPostReturnsViewIfNewPasswordIsNull" storage="c:\language\web\frogblogger\frogblogger.web.tests\bin\debug\frogblogger.web.tests.dll" id="e69340f8-8ef8-b17b-ba8c-e12d897e1f29">
      <Execution id="4e84202f-d1f7-4ebc-b3ba-ea92079eb280" />
      <TestMethod codeBase="C:/Language/Web/FrogBlogger/FrogBlogger.Web.Tests/bin/Debug/FrogBlogger.Web.Tests.DLL" adapterTypeName="Microsoft.VisualStudio.TestTools.TestTypes.Unit.UnitTestAdapter, Microsoft.VisualStudio.QualityTools.Tips.UnitTest.Adapter, Version=10.0.0.0, Culture=neutral, PublicKeyToken=b03f5f7f11d50a3a" className="FrogBlogger.Web.Tests.Controllers.AccountControllerTest, FrogBlogger.Web.Tests, Version=1.0.0.0, Culture=neutral, PublicKeyToken=null" name="ChangePasswordPostReturnsViewIfNewPasswordIsNull" />
    </UnitTest>
  </TestDefinitions>
  <TestLists>
    <TestList name="Results Not in a List" id="8c84fa94-04c1-424b-9868-57a2d4851a1d" />
    <TestList name="All Loaded Results" id="19431567-8539-422a-85d7-44ee4e166bda" />
  </TestLists>
  <TestEntries>
    <TestEntry testId="07781006-b0a9-3a6f-8504-9525f876084b" executionId="37e3ccbb-72ef-425e-b060-0fa5bdaea1cb" testListId="8c84fa94-04c1-424b-9868-57a2d4851a1d" />
    <TestEntry testId="2126fbff-b698-e4e5-da95-000f5a6c3b0a" executionId="7394dba6-90aa-40e3-b47d-9b62546634ac" testListId="8c84fa94-04c1-424b-9868-57a2d4851a1d" />
    <TestEntry testId="27b0a65f-9909-5003-537e-59445e3de9ce" executionId="430c57de-0814-4d9e-9ec5-991c5a9e13d1" testListId="8c84fa94-04c1-424b-9868-57a2d4851a1d" />
    <TestEntry testId="378cf42e-2a25-8603-4868-3fb087928de3" executionId="0da552e2-1c1f-4009-a37b-f0d6b0f5d6ec" testListId="8c84fa94-04c1-424b-9868-57a2d4851a1d" />
    <TestEntry testId="3ae650f2-bbc4-86bc-5901-267f16488835" executionId="3754e4a2-c554-4d90-9f21-4d8c6fc8436c" testListId="8c84fa94-04c1-424b-9868-57a2d4851a1d" />
    <TestEntry testId="3bd3cbb1-af11-f4d7-55c2-f9720d71df29" executionId="69f62e2a-0ddd-4524-bb80-19669067c7f6" testListId="8c84fa94-04c1-424b-9868-57a2d4851a1d" />
    <TestEntry testId="40d8ce23-5753-83eb-d60b-e631cdf73f6a" executionId="28eece6b-3f09-4bfd-a1b8-52610f226d90" testListId="8c84fa94-04c1-424b-9868-57a2d4851a1d" />
    <TestEntry testId="530774fd-246e-f5a1-7006-11644a65f9da" executionId="37f7eb90-8ac1-4eb2-9a43-be3816dae2ec" testListId="8c84fa94-04c1-424b-9868-57a2d4851a1d" />
    <TestEntry testId="5b123ecc-4811-dfc8-3daf-c0513d33c411" executionId="1d552789-6c6d-46e9-90be-454b2785cb3d" testListId="8c84fa94-04c1-424b-9868-57a2d4851a1d" />
    <TestEntry testId="60607752-d99d-49f1-cd7c-f40eaf612519" executionId="0cb56c22-605d-425b-a5c4-e10ca1a1f068" testListId="8c84fa94-04c1-424b-9868-57a2d4851a1d" />
    <TestEntry testId="64da27e1-c4a9-ac41-325d-3e8e47a9505d" executionId="60286a62-3c3c-4f1b-917b-8a5adf2322f4" testListId="8c84fa94-04c1-424b-9868-57a2d4851a1d" />
    <TestEntry testId="64dc0e59-0a24-fcc8-8a3e-0e3dc0901dc5" executionId="f091bb3b-13ef-4034-b22a-3a5ede3a454e" testListId="8c84fa94-04c1-424b-9868-57a2d4851a1d" />
    <TestEntry testId="66a93b30-13be-a5ce-1b16-a32f34b2e3a0" executionId="2b2bc7dc-bde6-46ba-ab97-2a37b1479d05" testListId="8c84fa94-04c1-424b-9868-57a2d4851a1d" />
    <TestEntry testId="6daa841a-f45a-d29e-30d4-032ec089cfda" executionId="748225c7-e3c5-4e08-b5ae-6f123e70f6dd" testListId="8c84fa94-04c1-424b-9868-57a2d4851a1d" />
    <TestEntry testId="8705de75-aa27-3c0b-e7d7-7a031141d2af" executionId="7c238d27-5a45-46f7-a397-fe521bb22e35" testListId="8c84fa94-04c1-424b-9868-57a2d4851a1d" />
    <TestEntry testId="989bf413-9b64-b295-81a9-c1f4dad6c6af" executionId="0472f34e-ef21-45cb-b309-3d883a60e920" testListId="8c84fa94-04c1-424b-9868-57a2d4851a1d" />
    <TestEntry testId="9af8153b-8063-399e-f0f9-0bf22449261d" executionId="8780de1c-523a-4e80-a961-c7b057c09057" testListId="8c84fa94-04c1-424b-9868-57a2d4851a1d" />
    <TestEntry testId="a24a1ed7-7b51-f4a2-5121-06809aa2c911" executionId="3e186cad-fbe2-41d4-b56d-fba2649204da" testListId="8c84fa94-04c1-424b-9868-57a2d4851a1d" />
    <TestEntry testId="a327f85f-9010-010b-714e-1c85859c8d10" executionId="3f9bbf64-a117-4895-8046-b9a715b393dc" testListId="8c84fa94-04c1-424b-9868-57a2d4851a1d" />
    <TestEntry testId="addf1109-fdcc-a26a-a59f-20d484056000" executionId="01e304f0-7f00-4e04-947f-f67609292a7f" testListId="8c84fa94-04c1-424b-9868-57a2d4851a1d" />
    <TestEntry testId="bbed69ad-ff3e-2200-3681-913906eebaa9" executionId="363bcbdc-e32d-4e39-b542-b1e1f06ac252" testListId="8c84fa94-04c1-424b-9868-57a2d4851a1d" />
    <TestEntry testId="d0e0adc6-69cf-7f5c-5748-4ae4a0bd7984" executionId="24e7eacb-3d1c-4e23-b45c-1b680f8d54a0" testListId="8c84fa94-04c1-424b-9868-57a2d4851a1d" />
    <TestEntry testId="d157f167-62aa-b633-df12-b2be68680b24" executionId="1667a872-5ca9-48a8-abca-71b68cd10c82" testListId="8c84fa94-04c1-424b-9868-57a2d4851a1d" />
    <TestEntry testId="e600770e-0f32-ded8-fd02-cdb7f624cf43" executionId="e12d0acd-e5ea-43ee-aada-314a34d6460b" testListId="8c84fa94-04c1-424b-9868-57a2d4851a1d" />
    <TestEntry testId="e69340f8-8ef8-b17b-ba8c-e12d897e1f29" executionId="4e84202f-d1f7-4ebc-b3ba-ea92079eb280" testListId="8c84fa94-04c1-424b-9868-57a2d4851a1d" />
    <TestEntry testId="f10b962a-d76e-7420-e5b1-e4f36ed1c63c" executionId="9c689a98-a228-48a2-b500-dcb4791ed130" testListId="8c84fa94-04c1-424b-9868-57a2d4851a1d" />
    <TestEntry testId="f65198d7-8f9f-a078-7c7d-7eb8d2e14808" executionId="42356c75-99fb-40ce-a014-1a2727b03884" testListId="8c84fa94-04c1-424b-9868-57a2d4851a1d" />
    <TestEntry testId="f8981536-bb73-b477-5f09-8a468de4b0d6" executionId="c4da8568-e6bc-49a5-af98-f5f1cad4e70d" testListId="8c84fa94-04c1-424b-9868-57a2d4851a1d" />
  </TestEntries>
  <Results>
    <UnitTestResult executionId="37e3ccbb-72ef-425e-b060-0fa5bdaea1cb" testId="07781006-b0a9-3a6f-8504-9525f876084b" testName="ChangePasswordPostReturnsViewIfNewPasswordIsTooShort" computerName="SEANFAOLP1" duration="00:00:00.0277478" startTime="2009-11-30T21:41:24.3619286-05:00" endTime="2009-11-30T21:41:25.1269723-05:00" testType="13cdc9d9-ddb5-4fa4-a97d-d965ccfc6d4b" outcome="Passed" testListId="8c84fa94-04c1-424b-9868-57a2d4851a1d" relativeResultsDirectory="37e3ccbb-72ef-425e-b060-0fa5bdaea1cb">
    </UnitTestResult>
    <UnitTestResult executionId="7394dba6-90aa-40e3-b47d-9b62546634ac" testId="2126fbff-b698-e4e5-da95-000f5a6c3b0a" testName="LoginPostReturnsViewIfUsernameOrPasswordIsIncorrect" computerName="SEANFAOLP1" duration="00:00:00.0014872" startTime="2009-11-30T21:41:25.1329727-05:00" endTime="2009-11-30T21:41:25.1399731-05:00" testType="13cdc9d9-ddb5-4fa4-a97d-d965ccfc6d4b" outcome="Passed" testListId="8c84fa94-04c1-424b-9868-57a2d4851a1d" relativeResultsDirectory="7394dba6-90aa-40e3-b47d-9b62546634ac">
    </UnitTestResult>
    <UnitTestResult executionId="430c57de-0814-4d9e-9ec5-991c5a9e13d1" testId="27b0a65f-9909-5003-537e-59445e3de9ce" testName="RegisterPostReturnsViewIfRegistrationFails" computerName="SEANFAOLP1" duration="00:00:00.0025452" startTime="2009-11-30T21:41:25.1439733-05:00" endTime="2009-11-30T21:41:25.1529738-05:00" testType="13cdc9d9-ddb5-4fa4-a97d-d965ccfc6d4b" outcome="Passed" testListId="8c84fa94-04c1-424b-9868-57a2d4851a1d" relativeResultsDirectory="430c57de-0814-4d9e-9ec5-991c5a9e13d1">
    </UnitTestResult>
    <UnitTestResult executionId="0da552e2-1c1f-4009-a37b-f0d6b0f5d6ec" testId="378cf42e-2a25-8603-4868-3fb087928de3" testName="LogOff" computerName="SEANFAOLP1" duration="00:00:00.0007832" startTime="2009-11-30T21:41:25.1579741-05:00" endTime="2009-11-30T21:41:25.1629744-05:00" testType="13cdc9d9-ddb5-4fa4-a97d-d965ccfc6d4b" outcome="Passed" testListId="8c84fa94-04c1-424b-9868-57a2d4851a1d" relativeResultsDirectory="0da552e2-1c1f-4009-a37b-f0d6b0f5d6ec">
    </UnitTestResult>
    <UnitTestResult executionId="3754e4a2-c554-4d90-9f21-4d8c6fc8436c" testId="3ae650f2-bbc4-86bc-5901-267f16488835" testName="ChangePasswordSuccess" computerName="SEANFAOLP1" duration="00:00:00.0004760" startTime="2009-11-30T21:41:25.1679747-05:00" endTime="2009-11-30T21:41:25.1729750-05:00" testType="13cdc9d9-ddb5-4fa4-a97d-d965ccfc6d4b" outcome="Passed" testListId="8c84fa94-04c1-424b-9868-57a2d4851a1d" relativeResultsDirectory="3754e4a2-c554-4d90-9f21-4d8c6fc8436c">
    </UnitTestResult>
    <UnitTestResult executionId="69f62e2a-0ddd-4524-bb80-19669067c7f6" testId="3bd3cbb1-af11-f4d7-55c2-f9720d71df29" testName="ChangePasswordPostRedirectsOnSuccess" computerName="SEANFAOLP1" duration="00:00:00.0014659" startTime="2009-11-30T21:41:25.1779752-05:00" endTime="2009-11-30T21:41:25.1829755-05:00" testType="13cdc9d9-ddb5-4fa4-a97d-d965ccfc6d4b" outcome="Passed" testListId="8c84fa94-04c1-424b-9868-57a2d4851a1d" relativeResultsDirectory="69f62e2a-0ddd-4524-bb80-19669067c7f6">
    </UnitTestResult>
    <UnitTestResult executionId="28eece6b-3f09-4bfd-a1b8-52610f226d90" testId="40d8ce23-5753-83eb-d60b-e631cdf73f6a" testName="ConstructorSetsPropertiesToDefaultValues" computerName="SEANFAOLP1" duration="00:00:00.0084030" startTime="2009-11-30T21:41:25.1879758-05:00" endTime="2009-11-30T21:41:25.2009766-05:00" testType="13cdc9d9-ddb5-4fa4-a97d-d965ccfc6d4b" outcome="Passed" testListId="8c84fa94-04c1-424b-9868-57a2d4851a1d" relativeResultsDirectory="28eece6b-3f09-4bfd-a1b8-52610f226d90">
    </UnitTestResult>
    <UnitTestResult executionId="37f7eb90-8ac1-4eb2-9a43-be3816dae2ec" testId="530774fd-246e-f5a1-7006-11644a65f9da" testName="LoginPostRedirectsToReturnUrlIfLoginSuccessfulAndReturnUrlGiven" computerName="SEANFAOLP1" duration="00:00:00.0004985" startTime="2009-11-30T21:41:25.2059768-05:00" endTime="2009-11-30T21:41:25.2109771-05:00" testType="13cdc9d9-ddb5-4fa4-a97d-d965ccfc6d4b" outcome="Passed" testListId="8c84fa94-04c1-424b-9868-57a2d4851a1d" relativeResultsDirectory="37f7eb90-8ac1-4eb2-9a43-be3816dae2ec">
    </UnitTestResult>
    <UnitTestResult executionId="1d552789-6c6d-46e9-90be-454b2785cb3d" testId="5b123ecc-4811-dfc8-3daf-c0513d33c411" testName="RegisterPostReturnsViewIfUsernameNotSpecified" computerName="SEANFAOLP1" duration="00:00:00.0006731" startTime="2009-11-30T21:41:25.2159774-05:00" endTime="2009-11-30T21:41:25.2209777-05:00" testType="13cdc9d9-ddb5-4fa4-a97d-d965ccfc6d4b" outcome="Passed" testListId="8c84fa94-04c1-424b-9868-57a2d4851a1d" relativeResultsDirectory="1d552789-6c6d-46e9-90be-454b2785cb3d">
    </UnitTestResult>
    <UnitTestResult executionId="0cb56c22-605d-425b-a5c4-e10ca1a1f068" testId="60607752-d99d-49f1-cd7c-f40eaf612519" testName="About" computerName="SEANFAOLP1" duration="00:00:00.0007939" startTime="2009-11-30T21:41:25.2249779-05:00" endTime="2009-11-30T21:41:25.2299782-05:00" testType="13cdc9d9-ddb5-4fa4-a97d-d965ccfc6d4b" outcome="Passed" testListId="8c84fa94-04c1-424b-9868-57a2d4851a1d" relativeResultsDirectory="0cb56c22-605d-425b-a5c4-e10ca1a1f068">
    </UnitTestResult>
    <UnitTestResult executionId="60286a62-3c3c-4f1b-917b-8a5adf2322f4" testId="64da27e1-c4a9-ac41-325d-3e8e47a9505d" testName="LoginPostReturnsViewIfPasswordNotSpecified" computerName="SEANFAOLP1" duration="00:00:00.0004914" startTime="2009-11-30T21:41:25.2349785-05:00" endTime="2009-11-30T21:41:25.2399788-05:00" testType="13cdc9d9-ddb5-4fa4-a97d-d965ccfc6d4b" outcome="Passed" testListId="8c84fa94-04c1-424b-9868-57a2d4851a1d" relativeResultsDirectory="60286a62-3c3c-4f1b-917b-8a5adf2322f4">
    </UnitTestResult>
    <UnitTestResult executionId="f091bb3b-13ef-4034-b22a-3a5ede3a454e" testId="64dc0e59-0a24-fcc8-8a3e-0e3dc0901dc5" testName="LoginPostReturnsViewIfUsernameNotSpecified" computerName="SEANFAOLP1" duration="00:00:00.0004854" startTime="2009-11-30T21:41:25.2459791-05:00" endTime="2009-11-30T21:41:25.2499794-05:00" testType="13cdc9d9-ddb5-4fa4-a97d-d965ccfc6d4b" outcome="Passed" testListId="8c84fa94-04c1-424b-9868-57a2d4851a1d" relativeResultsDirectory="f091bb3b-13ef-4034-b22a-3a5ede3a454e">
    </UnitTestResult>
    <UnitTestResult executionId="2b2bc7dc-bde6-46ba-ab97-2a37b1479d05" testId="66a93b30-13be-a5ce-1b16-a32f34b2e3a0" testName="LoginPostRedirectsHomeIfLoginSuccessfulButNoReturnUrlGiven" computerName="SEANFAOLP1" duration="00:00:00.0004398" startTime="2009-11-30T21:41:25.2549797-05:00" endTime="2009-11-30T21:41:25.2599799-05:00" testType="13cdc9d9-ddb5-4fa4-a97d-d965ccfc6d4b" outcome="Passed" testListId="8c84fa94-04c1-424b-9868-57a2d4851a1d" relativeResultsDirectory="2b2bc7dc-bde6-46ba-ab97-2a37b1479d05">
    </UnitTestResult>
    <UnitTestResult executionId="748225c7-e3c5-4e08-b5ae-6f123e70f6dd" testId="6daa841a-f45a-d29e-30d4-032ec089cfda" testName="CreateTest" computerName="SEANFAOLP1" duration="00:00:00.8688746" startTime="2009-11-30T21:41:25.2639802-05:00" endTime="2009-11-30T21:41:26.7970679-05:00" testType="13cdc9d9-ddb5-4fa4-a97d-d965ccfc6d4b" outcome="Passed" testListId="8c84fa94-04c1-424b-9868-57a2d4851a1d" relativeResultsDirectory="748225c7-e3c5-4e08-b5ae-6f123e70f6dd">
    </UnitTestResult>
    <UnitTestResult executionId="7c238d27-5a45-46f7-a397-fe521bb22e35" testId="8705de75-aa27-3c0b-e7d7-7a031141d2af" testName="RegisterGet" computerName="SEANFAOLP1" duration="00:00:00.0006334" startTime="2009-11-30T21:41:26.8060684-05:00" endTime="2009-11-30T21:41:26.8160689-05:00" testType="13cdc9d9-ddb5-4fa4-a97d-d965ccfc6d4b" outcome="Passed" testListId="8c84fa94-04c1-424b-9868-57a2d4851a1d" relativeResultsDirectory="7c238d27-5a45-46f7-a397-fe521bb22e35">
    </UnitTestResult>
    <UnitTestResult executionId="0472f34e-ef21-45cb-b309-3d883a60e920" testId="989bf413-9b64-b295-81a9-c1f4dad6c6af" testName="RegisterPostReturnsViewIfNewPasswordDoesNotMatchConfirmPassword" computerName="SEANFAOLP1" duration="00:00:00.0022888" startTime="2009-11-30T21:41:26.8250695-05:00" endTime="2009-11-30T21:41:26.8420704-05:00" testType="13cdc9d9-ddb5-4fa4-a97d-d965ccfc6d4b" outcome="Passed" testListId="8c84fa94-04c1-424b-9868-57a2d4851a1d" relativeResultsDirectory="0472f34e-ef21-45cb-b309-3d883a60e920">
    </UnitTestResult>
    <UnitTestResult executionId="8780de1c-523a-4e80-a961-c7b057c09057" testId="9af8153b-8063-399e-f0f9-0bf22449261d" testName="ConstructorSetsProperties" computerName="SEANFAOLP1" duration="00:00:00.0006110" startTime="2009-11-30T21:41:26.8490708-05:00" endTime="2009-11-30T21:41:26.8610715-05:00" testType="13cdc9d9-ddb5-4fa4-a97d-d965ccfc6d4b" outcome="Passed" testListId="8c84fa94-04c1-424b-9868-57a2d4851a1d" relativeResultsDirectory="8780de1c-523a-4e80-a961-c7b057c09057">
    </UnitTestResult>
    <UnitTestResult executionId="3e186cad-fbe2-41d4-b56d-fba2649204da" testId="a24a1ed7-7b51-f4a2-5121-06809aa2c911" testName="Index" computerName="SEANFAOLP1" duration="00:00:00.0005440" startTime="2009-11-30T21:41:26.8660718-05:00" endTime="2009-11-30T21:41:26.8740723-05:00" testType="13cdc9d9-ddb5-4fa4-a97d-d965ccfc6d4b" outcome="Passed" testListId="8c84fa94-04c1-424b-9868-57a2d4851a1d" relativeResultsDirectory="3e186cad-fbe2-41d4-b56d-fba2649204da">
    </UnitTestResult>
    <UnitTestResult executionId="3f9bbf64-a117-4895-8046-b9a715b393dc" testId="a327f85f-9010-010b-714e-1c85859c8d10" testName="RegisterPostReturnsViewIfPasswordIsNull" computerName="SEANFAOLP1" duration="00:00:00.0030348" startTime="2009-11-30T21:41:26.8820727-05:00" endTime="2009-11-30T21:41:26.8990737-05:00" testType="13cdc9d9-ddb5-4fa4-a97d-d965ccfc6d4b" outcome="Passed" testListId="8c84fa94-04c1-424b-9868-57a2d4851a1d" relativeResultsDirectory="3f9bbf64-a117-4895-8046-b9a715b393dc">
    </UnitTestResult>
    <UnitTestResult executionId="01e304f0-7f00-4e04-947f-f67609292a7f" testId="addf1109-fdcc-a26a-a59f-20d484056000" testName="ChangePasswordPostReturnsViewIfProviderRejectsPassword" computerName="SEANFAOLP1" duration="00:00:00.0005950" startTime="2009-11-30T21:41:26.9070741-05:00" endTime="2009-11-30T21:41:26.9190748-05:00" testType="13cdc9d9-ddb5-4fa4-a97d-d965ccfc6d4b" outcome="Passed" testListId="8c84fa94-04c1-424b-9868-57a2d4851a1d" relativeResultsDirectory="01e304f0-7f00-4e04-947f-f67609292a7f">
    </UnitTestResult>
    <UnitTestResult executionId="363bcbdc-e32d-4e39-b542-b1e1f06ac252" testId="bbed69ad-ff3e-2200-3681-913906eebaa9" testName="LoginGet" computerName="SEANFAOLP1" duration="00:00:00.0016790" startTime="2009-11-30T21:41:26.9250752-05:00" endTime="2009-11-30T21:41:26.9400760-05:00" testType="13cdc9d9-ddb5-4fa4-a97d-d965ccfc6d4b" outcome="Passed" testListId="8c84fa94-04c1-424b-9868-57a2d4851a1d" relativeResultsDirectory="363bcbdc-e32d-4e39-b542-b1e1f06ac252">
    </UnitTestResult>
    <UnitTestResult executionId="24e7eacb-3d1c-4e23-b45c-1b680f8d54a0" testId="d0e0adc6-69cf-7f5c-5748-4ae4a0bd7984" testName="ChangePasswordPostReturnsViewIfCurrentPasswordNotSpecified" computerName="SEANFAOLP1" duration="00:00:00.0007377" startTime="2009-11-30T21:41:26.9460764-05:00" endTime="2009-11-30T21:41:26.9600772-05:00" testType="13cdc9d9-ddb5-4fa4-a97d-d965ccfc6d4b" outcome="Passed" testListId="8c84fa94-04c1-424b-9868-57a2d4851a1d" relativeResultsDirectory="24e7eacb-3d1c-4e23-b45c-1b680f8d54a0">
    </UnitTestResult>
    <UnitTestResult executionId="1667a872-5ca9-48a8-abca-71b68cd10c82" testId="d157f167-62aa-b633-df12-b2be68680b24" testName="ChangePasswordGetReturnsView" computerName="SEANFAOLP1" duration="00:00:00.0006459" startTime="2009-11-30T21:41:26.9690777-05:00" endTime="2009-11-30T21:41:26.9780782-05:00" testType="13cdc9d9-ddb5-4fa4-a97d-d965ccfc6d4b" outcome="Passed" testListId="8c84fa94-04c1-424b-9868-57a2d4851a1d" relativeResultsDirectory="1667a872-5ca9-48a8-abca-71b68cd10c82">
    </UnitTestResult>
    <UnitTestResult executionId="e12d0acd-e5ea-43ee-aada-314a34d6460b" testId="e600770e-0f32-ded8-fd02-cdb7f624cf43" testName="RegisterPostReturnsViewIfPasswordIsTooShort" computerName="SEANFAOLP1" duration="00:00:00.0005908" startTime="2009-11-30T21:41:26.9850786-05:00" endTime="2009-11-30T21:41:26.9980794-05:00" testType="13cdc9d9-ddb5-4fa4-a97d-d965ccfc6d4b" outcome="Passed" testListId="8c84fa94-04c1-424b-9868-57a2d4851a1d" relativeResultsDirectory="e12d0acd-e5ea-43ee-aada-314a34d6460b">
    </UnitTestResult>
    <UnitTestResult executionId="4e84202f-d1f7-4ebc-b3ba-ea92079eb280" testId="e69340f8-8ef8-b17b-ba8c-e12d897e1f29" testName="ChangePasswordPostReturnsViewIfNewPasswordIsNull" computerName="SEANFAOLP1" duration="00:00:00.0015878" startTime="2009-11-30T21:41:27.0150803-05:00" endTime="2009-11-30T21:41:27.0220807-05:00" testType="13cdc9d9-ddb5-4fa4-a97d-d965ccfc6d4b" outcome="Passed" testListId="8c84fa94-04c1-424b-9868-57a2d4851a1d" relativeResultsDirectory="4e84202f-d1f7-4ebc-b3ba-ea92079eb280">
    </UnitTestResult>
    <UnitTestResult executionId="9c689a98-a228-48a2-b500-dcb4791ed130" testId="f10b962a-d76e-7420-e5b1-e4f36ed1c63c" testName="RegisterPostReturnsViewIfEmailNotSpecified" computerName="SEANFAOLP1" duration="00:00:00.0006423" startTime="2009-11-30T21:41:27.0330814-05:00" endTime="2009-11-30T21:41:27.0380816-05:00" testType="13cdc9d9-ddb5-4fa4-a97d-d965ccfc6d4b" outcome="Passed" testListId="8c84fa94-04c1-424b-9868-57a2d4851a1d" relativeResultsDirectory="9c689a98-a228-48a2-b500-dcb4791ed130">
    </UnitTestResult>
    <UnitTestResult executionId="42356c75-99fb-40ce-a014-1a2727b03884" testId="f65198d7-8f9f-a078-7c7d-7eb8d2e14808" testName="RegisterPostRedirectsHomeIfRegistrationSuccessful" computerName="SEANFAOLP1" duration="00:00:00.0012782" startTime="2009-11-30T21:41:27.0500823-05:00" endTime="2009-11-30T21:41:27.0580828-05:00" testType="13cdc9d9-ddb5-4fa4-a97d-d965ccfc6d4b" outcome="Passed" testListId="8c84fa94-04c1-424b-9868-57a2d4851a1d" relativeResultsDirectory="42356c75-99fb-40ce-a014-1a2727b03884">
    </UnitTestResult>
    <UnitTestResult executionId="c4da8568-e6bc-49a5-af98-f5f1cad4e70d" testId="f8981536-bb73-b477-5f09-8a468de4b0d6" testName="ChangePasswordPostReturnsViewIfNewPasswordDoesNotMatchConfirmPassword" computerName="SEANFAOLP1" duration="00:00:00.0014978" startTime="2009-11-30T21:41:27.0680834-05:00" endTime="2009-11-30T21:41:27.0770839-05:00" testType="13cdc9d9-ddb5-4fa4-a97d-d965ccfc6d4b" outcome="Passed" testListId="8c84fa94-04c1-424b-9868-57a2d4851a1d" relativeResultsDirectory="c4da8568-e6bc-49a5-af98-f5f1cad4e70d">
    </UnitTestResult>
  </Results>
</TestRun>