<?xml version="1.0" encoding="UTF-8"?>
<TestRun id="a841077f-f1e9-4451-b119-90955fe6b58e" name="Sean@SEANFAOLP1 2009-11-30 21:45:07" runUser="seanfaolp1\Sean" xmlns="http://microsoft.com/schemas/VisualStudio/TeamTest/2010">
  <TestSettings name="Local" id="c523c918-6d7f-4253-bc64-aa12d4934e23">
    <Description>These are default test settings for a local test run.</Description>
    <Deployment enabled="false" runDeploymentRoot="Sean_SEANFAOLP1 2009-11-30 21_45_07">
      <DeploymentItem filename="C:\Language\Web\FrogBlogger\FrogBlogger.Dal\bin\Debug\FrogBlogger.Dal.dll" />
      <DeploymentItem filename="C:\Language\Web\FrogBlogger\FrogBlogger.Web\bin\FrogBlogger.Web.dll" />
    </Deployment>
    <Execution>
      <TestTypeSpecific />
      <AgentRule name="Execution Agents">
      </AgentRule>
    </Execution>
  </TestSettings>
  <Times creation="2009-11-30T21:45:07.9267157-05:00" queuing="2009-11-30T21:45:07.9527172-05:00" start="2009-11-30T21:45:07.9937196-05:00" finish="2009-11-30T21:45:11.8529403-05:00" />
  <ResultSummary outcome="Completed">
    <Counters total="29" executed="29" passed="29" error="0" failed="0" timeout="0" aborted="0" inconclusive="0" passedButRunAborted="0" notRunnable="0" notExecuted="0" disconnected="0" warning="0" completed="0" inProgress="0" pending="0" />
  </ResultSummary>
  <TestDefinitions>
    <UnitTest name="TestFetch" storage="c:\language\web\frogblogger\frogblogger.tests\bin\debug\frogblogger.tests.dll" id="4025fa16-788b-c18e-82b3-92ee7e85423b">
      <Execution id="467e161b-6ab7-464c-b2b7-8813a8145f5e" />
      <TestMethod codeBase="C:/Language/Web/FrogBlogger/FrogBlogger.Tests/bin/Debug/FrogBlogger.Tests.DLL" adapterTypeName="Microsoft.VisualStudio.TestTools.TestTypes.Unit.UnitTestAdapter, Microsoft.VisualStudio.QualityTools.Tips.UnitTest.Adapter, Version=10.0.0.0, Culture=neutral, PublicKeyToken=b03f5f7f11d50a3a" className="FrogBlogger.Tests.RepositoryTest, FrogBlogger.Tests, Version=1.0.0.0, Culture=neutral, PublicKeyToken=null" name="TestFetch" />
    </UnitTest>
    <UnitTest name="RegisterPostReturnsViewIfEmailNotSpecified" storage="c:\language\web\frogblogger\frogblogger.web.tests\bin\debug\frogblogger.web.tests.dll" id="f10b962a-d76e-7420-e5b1-e4f36ed1c63c">
      <Execution id="af6425ae-9c02-40e3-9af9-cf36234d55ec" />
      <TestMethod codeBase="C:/Language/Web/FrogBlogger/FrogBlogger.Web.Tests/bin/Debug/FrogBlogger.Web.Tests.DLL" adapterTypeName="Microsoft.VisualStudio.TestTools.TestTypes.Unit.UnitTestAdapter, Microsoft.VisualStudio.QualityTools.Tips.UnitTest.Adapter, Version=10.0.0.0, Culture=neutral, PublicKeyToken=b03f5f7f11d50a3a" className="FrogBlogger.Web.Tests.Controllers.AccountControllerTest, FrogBlogger.Web.Tests, Version=1.0.0.0, Culture=neutral, PublicKeyToken=null" name="RegisterPostReturnsViewIfEmailNotSpecified" />
    </UnitTest>
    <UnitTest name="ChangePasswordSuccess" storage="c:\language\web\frogblogger\frogblogger.web.tests\bin\debug\frogblogger.web.tests.dll" id="3ae650f2-bbc4-86bc-5901-267f16488835">
      <Execution id="938482f6-fd77-446f-ac72-23ab5d378b85" />
      <TestMethod codeBase="C:/Language/Web/FrogBlogger/FrogBlogger.Web.Tests/bin/Debug/FrogBlogger.Web.Tests.DLL" adapterTypeName="Microsoft.VisualStudio.TestTools.TestTypes.Unit.UnitTestAdapter, Microsoft.VisualStudio.QualityTools.Tips.UnitTest.Adapter, Version=10.0.0.0, Culture=neutral, PublicKeyToken=b03f5f7f11d50a3a" className="FrogBlogger.Web.Tests.Controllers.AccountControllerTest, FrogBlogger.Web.Tests, Version=1.0.0.0, Culture=neutral, PublicKeyToken=null" name="ChangePasswordSuccess" />
    </UnitTest>
    <UnitTest name="LoginPostRedirectsToReturnUrlIfLoginSuccessfulAndReturnUrlGiven" storage="c:\language\web\frogblogger\frogblogger.web.tests\bin\debug\frogblogger.web.tests.dll" id="530774fd-246e-f5a1-7006-11644a65f9da">
      <Execution id="47150675-76c4-416d-9045-18bd1ce3bd61" />
      <TestMethod codeBase="C:/Language/Web/FrogBlogger/FrogBlogger.Web.Tests/bin/Debug/FrogBlogger.Web.Tests.DLL" adapterTypeName="Microsoft.VisualStudio.TestTools.TestTypes.Unit.UnitTestAdapter, Microsoft.VisualStudio.QualityTools.Tips.UnitTest.Adapter, Version=10.0.0.0, Culture=neutral, PublicKeyToken=b03f5f7f11d50a3a" className="FrogBlogger.Web.Tests.Controllers.AccountControllerTest, FrogBlogger.Web.Tests, Version=1.0.0.0, Culture=neutral, PublicKeyToken=null" name="LoginPostRedirectsToReturnUrlIfLoginSuccessfulAndReturnUrlGiven" />
    </UnitTest>
    <UnitTest name="CreateTest" storage="c:\language\web\frogblogger\frogblogger.tests\bin\debug\frogblogger.tests.dll" id="6daa841a-f45a-d29e-30d4-032ec089cfda">
      <Execution id="06fee643-eea4-43af-8e7f-76c5cca1cd17" />
      <TestMethod codeBase="C:/Language/Web/FrogBlogger/FrogBlogger.Tests/bin/Debug/FrogBlogger.Tests.DLL" adapterTypeName="Microsoft.VisualStudio.TestTools.TestTypes.Unit.UnitTestAdapter, Microsoft.VisualStudio.QualityTools.Tips.UnitTest.Adapter, Version=10.0.0.0, Culture=neutral, PublicKeyToken=b03f5f7f11d50a3a" className="FrogBlogger.Tests.RepositoryTest, FrogBlogger.Tests, Version=1.0.0.0, Culture=neutral, PublicKeyToken=null" name="CreateTest" />
    </UnitTest>
    <UnitTest name="RegisterPostReturnsViewIfPasswordIsNull" storage="c:\language\web\frogblogger\frogblogger.web.tests\bin\debug\frogblogger.web.tests.dll" id="a327f85f-9010-010b-714e-1c85859c8d10">
      <Execution id="d5b6039b-ccf9-4aa0-9de3-49b5c4842dde" />
      <TestMethod codeBase="C:/Language/Web/FrogBlogger/FrogBlogger.Web.Tests/bin/Debug/FrogBlogger.Web.Tests.DLL" adapterTypeName="Microsoft.VisualStudio.TestTools.TestTypes.Unit.UnitTestAdapter, Microsoft.VisualStudio.QualityTools.Tips.UnitTest.Adapter, Version=10.0.0.0, Culture=neutral, PublicKeyToken=b03f5f7f11d50a3a" className="FrogBlogger.Web.Tests.Controllers.AccountControllerTest, FrogBlogger.Web.Tests, Version=1.0.0.0, Culture=neutral, PublicKeyToken=null" name="RegisterPostReturnsViewIfPasswordIsNull" />
    </UnitTest>
    <UnitTest name="ChangePasswordPostReturnsViewIfNewPasswordIsTooShort" storage="c:\language\web\frogblogger\frogblogger.web.tests\bin\debug\frogblogger.web.tests.dll" id="07781006-b0a9-3a6f-8504-9525f876084b">
      <Execution id="5bbdb4cc-6947-42af-a377-d51b459a150f" />
      <TestMethod codeBase="C:/Language/Web/FrogBlogger/FrogBlogger.Web.Tests/bin/Debug/FrogBlogger.Web.Tests.DLL" adapterTypeName="Microsoft.VisualStudio.TestTools.TestTypes.Unit.UnitTestAdapter, Microsoft.VisualStudio.QualityTools.Tips.UnitTest.Adapter, Version=10.0.0.0, Culture=neutral, PublicKeyToken=b03f5f7f11d50a3a" className="FrogBlogger.Web.Tests.Controllers.AccountControllerTest, FrogBlogger.Web.Tests, Version=1.0.0.0, Culture=neutral, PublicKeyToken=null" name="ChangePasswordPostReturnsViewIfNewPasswordIsTooShort" />
    </UnitTest>
    <UnitTest name="ChangePasswordPostReturnsViewIfProviderRejectsPassword" storage="c:\language\web\frogblogger\frogblogger.web.tests\bin\debug\frogblogger.web.tests.dll" id="addf1109-fdcc-a26a-a59f-20d484056000">
      <Execution id="b4ad83d7-7f37-4d75-b151-e068e2d83de1" />
      <TestMethod codeBase="C:/Language/Web/FrogBlogger/FrogBlogger.Web.Tests/bin/Debug/FrogBlogger.Web.Tests.DLL" adapterTypeName="Microsoft.VisualStudio.TestTools.TestTypes.Unit.UnitTestAdapter, Microsoft.VisualStudio.QualityTools.Tips.UnitTest.Adapter, Version=10.0.0.0, Culture=neutral, PublicKeyToken=b03f5f7f11d50a3a" className="FrogBlogger.Web.Tests.Controllers.AccountControllerTest, FrogBlogger.Web.Tests, Version=1.0.0.0, Culture=neutral, PublicKeyToken=null" name="ChangePasswordPostReturnsViewIfProviderRejectsPassword" />
    </UnitTest>
    <UnitTest name="ChangePasswordPostRedirectsOnSuccess" storage="c:\language\web\frogblogger\frogblogger.web.tests\bin\debug\frogblogger.web.tests.dll" id="3bd3cbb1-af11-f4d7-55c2-f9720d71df29">
      <Execution id="976457e7-1104-4256-9b02-fc2ed68e551d" />
      <TestMethod codeBase="C:/Language/Web/FrogBlogger/FrogBlogger.Web.Tests/bin/Debug/FrogBlogger.Web.Tests.DLL" adapterTypeName="Microsoft.VisualStudio.TestTools.TestTypes.Unit.UnitTestAdapter, Microsoft.VisualStudio.QualityTools.Tips.UnitTest.Adapter, Version=10.0.0.0, Culture=neutral, PublicKeyToken=b03f5f7f11d50a3a" className="FrogBlogger.Web.Tests.Controllers.AccountControllerTest, FrogBlogger.Web.Tests, Version=1.0.0.0, Culture=neutral, PublicKeyToken=null" name="ChangePasswordPostRedirectsOnSuccess" />
    </UnitTest>
    <UnitTest name="LoginPostReturnsViewIfUsernameNotSpecified" storage="c:\language\web\frogblogger\frogblogger.web.tests\bin\debug\frogblogger.web.tests.dll" id="64dc0e59-0a24-fcc8-8a3e-0e3dc0901dc5">
      <Execution id="b34336d2-98cf-4f71-9594-e209b7ef1cc6" />
      <TestMethod codeBase="C:/Language/Web/FrogBlogger/FrogBlogger.Web.Tests/bin/Debug/FrogBlogger.Web.Tests.DLL" adapterTypeName="Microsoft.VisualStudio.TestTools.TestTypes.Unit.UnitTestAdapter, Microsoft.VisualStudio.QualityTools.Tips.UnitTest.Adapter, Version=10.0.0.0, Culture=neutral, PublicKeyToken=b03f5f7f11d50a3a" className="FrogBlogger.Web.Tests.Controllers.AccountControllerTest, FrogBlogger.Web.Tests, Version=1.0.0.0, Culture=neutral, PublicKeyToken=null" name="LoginPostReturnsViewIfUsernameNotSpecified" />
    </UnitTest>
    <UnitTest name="LoginPostReturnsViewIfUsernameOrPasswordIsIncorrect" storage="c:\language\web\frogblogger\frogblogger.web.tests\bin\debug\frogblogger.web.tests.dll" id="2126fbff-b698-e4e5-da95-000f5a6c3b0a">
      <Execution id="3d970a6e-e425-4d51-90dd-417d9a066a44" />
      <TestMethod codeBase="C:/Language/Web/FrogBlogger/FrogBlogger.Web.Tests/bin/Debug/FrogBlogger.Web.Tests.DLL" adapterTypeName="Microsoft.VisualStudio.TestTools.TestTypes.Unit.UnitTestAdapter, Microsoft.VisualStudio.QualityTools.Tips.UnitTest.Adapter, Version=10.0.0.0, Culture=neutral, PublicKeyToken=b03f5f7f11d50a3a" className="FrogBlogger.Web.Tests.Controllers.AccountControllerTest, FrogBlogger.Web.Tests, Version=1.0.0.0, Culture=neutral, PublicKeyToken=null" name="LoginPostReturnsViewIfUsernameOrPasswordIsIncorrect" />
    </UnitTest>
    <UnitTest name="LoginPostRedirectsHomeIfLoginSuccessfulButNoReturnUrlGiven" storage="c:\language\web\frogblogger\frogblogger.web.tests\bin\debug\frogblogger.web.tests.dll" id="66a93b30-13be-a5ce-1b16-a32f34b2e3a0">
      <Execution id="14ba2874-d425-4712-a8e4-f3dc3ade08ad" />
      <TestMethod codeBase="C:/Language/Web/FrogBlogger/FrogBlogger.Web.Tests/bin/Debug/FrogBlogger.Web.Tests.DLL" adapterTypeName="Microsoft.VisualStudio.TestTools.TestTypes.Unit.UnitTestAdapter, Microsoft.VisualStudio.QualityTools.Tips.UnitTest.Adapter, Version=10.0.0.0, Culture=neutral, PublicKeyToken=b03f5f7f11d50a3a" className="FrogBlogger.Web.Tests.Controllers.AccountControllerTest, FrogBlogger.Web.Tests, Version=1.0.0.0, Culture=neutral, PublicKeyToken=null" name="LoginPostRedirectsHomeIfLoginSuccessfulButNoReturnUrlGiven" />
    </UnitTest>
    <UnitTest name="LoginPostReturnsViewIfPasswordNotSpecified" storage="c:\language\web\frogblogger\frogblogger.web.tests\bin\debug\frogblogger.web.tests.dll" id="64da27e1-c4a9-ac41-325d-3e8e47a9505d">
      <Execution id="11809e42-0c3f-4d98-a1e3-48c627b4bae1" />
      <TestMethod codeBase="C:/Language/Web/FrogBlogger/FrogBlogger.Web.Tests/bin/Debug/FrogBlogger.Web.Tests.DLL" adapterTypeName="Microsoft.VisualStudio.TestTools.TestTypes.Unit.UnitTestAdapter, Microsoft.VisualStudio.QualityTools.Tips.UnitTest.Adapter, Version=10.0.0.0, Culture=neutral, PublicKeyToken=b03f5f7f11d50a3a" className="FrogBlogger.Web.Tests.Controllers.AccountControllerTest, FrogBlogger.Web.Tests, Version=1.0.0.0, Culture=neutral, PublicKeyToken=null" name="LoginPostReturnsViewIfPasswordNotSpecified" />
    </UnitTest>
    <UnitTest name="ChangePasswordPostReturnsViewIfNewPasswordDoesNotMatchConfirmPassword" storage="c:\language\web\frogblogger\frogblogger.web.tests\bin\debug\frogblogger.web.tests.dll" id="f8981536-bb73-b477-5f09-8a468de4b0d6">
      <Execution id="0e0fa3e0-f70d-411e-ab4d-7d622e8224f0" />
      <TestMethod codeBase="C:/Language/Web/FrogBlogger/FrogBlogger.Web.Tests/bin/Debug/FrogBlogger.Web.Tests.DLL" adapterTypeName="Microsoft.VisualStudio.TestTools.TestTypes.Unit.UnitTestAdapter, Microsoft.VisualStudio.QualityTools.Tips.UnitTest.Adapter, Version=10.0.0.0, Culture=neutral, PublicKeyToken=b03f5f7f11d50a3a" className="FrogBlogger.Web.Tests.Controllers.AccountControllerTest, FrogBlogger.Web.Tests, Version=1.0.0.0, Culture=neutral, PublicKeyToken=null" name="ChangePasswordPostReturnsViewIfNewPasswordDoesNotMatchConfirmPassword" />
    </UnitTest>
    <UnitTest name="About" storage="c:\language\web\frogblogger\frogblogger.web.tests\bin\debug\frogblogger.web.tests.dll" id="60607752-d99d-49f1-cd7c-f40eaf612519">
      <Execution id="c99d28a5-4720-49db-86a9-ba8ad10f141f" />
      <TestMethod codeBase="C:/Language/Web/FrogBlogger/FrogBlogger.Web.Tests/bin/Debug/FrogBlogger.Web.Tests.DLL" adapterTypeName="Microsoft.VisualStudio.TestTools.TestTypes.Unit.UnitTestAdapter, Microsoft.VisualStudio.QualityTools.Tips.UnitTest.Adapter, Version=10.0.0.0, Culture=neutral, PublicKeyToken=b03f5f7f11d50a3a" className="FrogBlogger.Web.Tests.Controllers.HomeControllerTest, FrogBlogger.Web.Tests, Version=1.0.0.0, Culture=neutral, PublicKeyToken=null" name="About" />
    </UnitTest>
    <UnitTest name="RegisterGet" storage="c:\language\web\frogblogger\frogblogger.web.tests\bin\debug\frogblogger.web.tests.dll" id="8705de75-aa27-3c0b-e7d7-7a031141d2af">
      <Execution id="9f57b1c2-08ed-47ee-9cb7-cfc78d1bf3f4" />
      <TestMethod codeBase="C:/Language/Web/FrogBlogger/FrogBlogger.Web.Tests/bin/Debug/FrogBlogger.Web.Tests.DLL" adapterTypeName="Microsoft.VisualStudio.TestTools.TestTypes.Unit.UnitTestAdapter, Microsoft.VisualStudio.QualityTools.Tips.UnitTest.Adapter, Version=10.0.0.0, Culture=neutral, PublicKeyToken=b03f5f7f11d50a3a" className="FrogBlogger.Web.Tests.Controllers.AccountControllerTest, FrogBlogger.Web.Tests, Version=1.0.0.0, Culture=neutral, PublicKeyToken=null" name="RegisterGet" />
    </UnitTest>
    <UnitTest name="RegisterPostReturnsViewIfRegistrationFails" storage="c:\language\web\frogblogger\frogblogger.web.tests\bin\debug\frogblogger.web.tests.dll" id="27b0a65f-9909-5003-537e-59445e3de9ce">
      <Execution id="d6d52e68-e8c9-4703-a8a7-460d58d24194" />
      <TestMethod codeBase="C:/Language/Web/FrogBlogger/FrogBlogger.Web.Tests/bin/Debug/FrogBlogger.Web.Tests.DLL" adapterTypeName="Microsoft.VisualStudio.TestTools.TestTypes.Unit.UnitTestAdapter, Microsoft.VisualStudio.QualityTools.Tips.UnitTest.Adapter, Version=10.0.0.0, Culture=neutral, PublicKeyToken=b03f5f7f11d50a3a" className="FrogBlogger.Web.Tests.Controllers.AccountControllerTest, FrogBlogger.Web.Tests, Version=1.0.0.0, Culture=neutral, PublicKeyToken=null" name="RegisterPostReturnsViewIfRegistrationFails" />
    </UnitTest>
    <UnitTest name="LogOff" storage="c:\language\web\frogblogger\frogblogger.web.tests\bin\debug\frogblogger.web.tests.dll" id="378cf42e-2a25-8603-4868-3fb087928de3">
      <Execution id="0a53363b-ee31-479c-819c-b2944da4c6a8" />
      <TestMethod codeBase="C:/Language/Web/FrogBlogger/FrogBlogger.Web.Tests/bin/Debug/FrogBlogger.Web.Tests.DLL" adapterTypeName="Microsoft.VisualStudio.TestTools.TestTypes.Unit.UnitTestAdapter, Microsoft.VisualStudio.QualityTools.Tips.UnitTest.Adapter, Version=10.0.0.0, Culture=neutral, PublicKeyToken=b03f5f7f11d50a3a" className="FrogBlogger.Web.Tests.Controllers.AccountControllerTest, FrogBlogger.Web.Tests, Version=1.0.0.0, Culture=neutral, PublicKeyToken=null" name="LogOff" />
    </UnitTest>
    <UnitTest name="ChangePasswordGetReturnsView" storage="c:\language\web\frogblogger\frogblogger.web.tests\bin\debug\frogblogger.web.tests.dll" id="d157f167-62aa-b633-df12-b2be68680b24">
      <Execution id="b9621d31-188b-4e30-82a9-cd9593350004" />
      <TestMethod codeBase="C:/Language/Web/FrogBlogger/FrogBlogger.Web.Tests/bin/Debug/FrogBlogger.Web.Tests.DLL" adapterTypeName="Microsoft.VisualStudio.TestTools.TestTypes.Unit.UnitTestAdapter, Microsoft.VisualStudio.QualityTools.Tips.UnitTest.Adapter, Version=10.0.0.0, Culture=neutral, PublicKeyToken=b03f5f7f11d50a3a" className="FrogBlogger.Web.Tests.Controllers.AccountControllerTest, FrogBlogger.Web.Tests, Version=1.0.0.0, Culture=neutral, PublicKeyToken=null" name="ChangePasswordGetReturnsView" />
    </UnitTest>
    <UnitTest name="RegisterPostReturnsViewIfNewPasswordDoesNotMatchConfirmPassword" storage="c:\language\web\frogblogger\frogblogger.web.tests\bin\debug\frogblogger.web.tests.dll" id="989bf413-9b64-b295-81a9-c1f4dad6c6af">
      <Execution id="c5a49e62-25ee-42b8-bb9e-be04fee0257d" />
      <TestMethod codeBase="C:/Language/Web/FrogBlogger/FrogBlogger.Web.Tests/bin/Debug/FrogBlogger.Web.Tests.DLL" adapterTypeName="Microsoft.VisualStudio.TestTools.TestTypes.Unit.UnitTestAdapter, Microsoft.VisualStudio.QualityTools.Tips.UnitTest.Adapter, Version=10.0.0.0, Culture=neutral, PublicKeyToken=b03f5f7f11d50a3a" className="FrogBlogger.Web.Tests.Controllers.AccountControllerTest, FrogBlogger.Web.Tests, Version=1.0.0.0, Culture=neutral, PublicKeyToken=null" name="RegisterPostReturnsViewIfNewPasswordDoesNotMatchConfirmPassword" />
    </UnitTest>
    <UnitTest name="ChangePasswordPostReturnsViewIfCurrentPasswordNotSpecified" storage="c:\language\web\frogblogger\frogblogger.web.tests\bin\debug\frogblogger.web.tests.dll" id="d0e0adc6-69cf-7f5c-5748-4ae4a0bd7984">
      <Execution id="18022d3a-4530-4730-8c5b-8948eaaf02e8" />
      <TestMethod codeBase="C:/Language/Web/FrogBlogger/FrogBlogger.Web.Tests/bin/Debug/FrogBlogger.Web.Tests.DLL" adapterTypeName="Microsoft.VisualStudio.TestTools.TestTypes.Unit.UnitTestAdapter, Microsoft.VisualStudio.QualityTools.Tips.UnitTest.Adapter, Version=10.0.0.0, Culture=neutral, PublicKeyToken=b03f5f7f11d50a3a" className="FrogBlogger.Web.Tests.Controllers.AccountControllerTest, FrogBlogger.Web.Tests, Version=1.0.0.0, Culture=neutral, PublicKeyToken=null" name="ChangePasswordPostReturnsViewIfCurrentPasswordNotSpecified" />
    </UnitTest>
    <UnitTest name="RegisterPostReturnsViewIfPasswordIsTooShort" storage="c:\language\web\frogblogger\frogblogger.web.tests\bin\debug\frogblogger.web.tests.dll" id="e600770e-0f32-ded8-fd02-cdb7f624cf43">
      <Execution id="a46480d5-e60d-4de5-b34b-b6dd19c54f99" />
      <TestMethod codeBase="C:/Language/Web/FrogBlogger/FrogBlogger.Web.Tests/bin/Debug/FrogBlogger.Web.Tests.DLL" adapterTypeName="Microsoft.VisualStudio.TestTools.TestTypes.Unit.UnitTestAdapter, Microsoft.VisualStudio.QualityTools.Tips.UnitTest.Adapter, Version=10.0.0.0, Culture=neutral, PublicKeyToken=b03f5f7f11d50a3a" className="FrogBlogger.Web.Tests.Controllers.AccountControllerTest, FrogBlogger.Web.Tests, Version=1.0.0.0, Culture=neutral, PublicKeyToken=null" name="RegisterPostReturnsViewIfPasswordIsTooShort" />
    </UnitTest>
    <UnitTest name="ConstructorSetsPropertiesToDefaultValues" storage="c:\language\web\frogblogger\frogblogger.web.tests\bin\debug\frogblogger.web.tests.dll" id="40d8ce23-5753-83eb-d60b-e631cdf73f6a">
      <Execution id="cc9c2fe3-7367-4ccb-91a3-ea83e448e790" />
      <TestMethod codeBase="C:/Language/Web/FrogBlogger/FrogBlogger.Web.Tests/bin/Debug/FrogBlogger.Web.Tests.DLL" adapterTypeName="Microsoft.VisualStudio.TestTools.TestTypes.Unit.UnitTestAdapter, Microsoft.VisualStudio.QualityTools.Tips.UnitTest.Adapter, Version=10.0.0.0, Culture=neutral, PublicKeyToken=b03f5f7f11d50a3a" className="FrogBlogger.Web.Tests.Controllers.AccountControllerTest, FrogBlogger.Web.Tests, Version=1.0.0.0, Culture=neutral, PublicKeyToken=null" name="ConstructorSetsPropertiesToDefaultValues" />
    </UnitTest>
    <UnitTest name="RegisterPostRedirectsHomeIfRegistrationSuccessful" storage="c:\language\web\frogblogger\frogblogger.web.tests\bin\debug\frogblogger.web.tests.dll" id="f65198d7-8f9f-a078-7c7d-7eb8d2e14808">
      <Execution id="80576b95-0e19-48a9-b288-42c3463dec47" />
      <TestMethod codeBase="C:/Language/Web/FrogBlogger/FrogBlogger.Web.Tests/bin/Debug/FrogBlogger.Web.Tests.DLL" adapterTypeName="Microsoft.VisualStudio.TestTools.TestTypes.Unit.UnitTestAdapter, Microsoft.VisualStudio.QualityTools.Tips.UnitTest.Adapter, Version=10.0.0.0, Culture=neutral, PublicKeyToken=b03f5f7f11d50a3a" className="FrogBlogger.Web.Tests.Controllers.AccountControllerTest, FrogBlogger.Web.Tests, Version=1.0.0.0, Culture=neutral, PublicKeyToken=null" name="RegisterPostRedirectsHomeIfRegistrationSuccessful" />
    </UnitTest>
    <UnitTest name="LoginGet" storage="c:\language\web\frogblogger\frogblogger.web.tests\bin\debug\frogblogger.web.tests.dll" id="bbed69ad-ff3e-2200-3681-913906eebaa9">
      <Execution id="27749f2f-c6e2-42c9-81c4-3e09fdac9ede" />
      <TestMethod codeBase="C:/Language/Web/FrogBlogger/FrogBlogger.Web.Tests/bin/Debug/FrogBlogger.Web.Tests.DLL" adapterTypeName="Microsoft.VisualStudio.TestTools.TestTypes.Unit.UnitTestAdapter, Microsoft.VisualStudio.QualityTools.Tips.UnitTest.Adapter, Version=10.0.0.0, Culture=neutral, PublicKeyToken=b03f5f7f11d50a3a" className="FrogBlogger.Web.Tests.Controllers.AccountControllerTest, FrogBlogger.Web.Tests, Version=1.0.0.0, Culture=neutral, PublicKeyToken=null" name="LoginGet" />
    </UnitTest>
    <UnitTest name="RegisterPostReturnsViewIfUsernameNotSpecified" storage="c:\language\web\frogblogger\frogblogger.web.tests\bin\debug\frogblogger.web.tests.dll" id="5b123ecc-4811-dfc8-3daf-c0513d33c411">
      <Execution id="2ac0ee28-5e69-436c-bb9a-435c09c615c5" />
      <TestMethod codeBase="C:/Language/Web/FrogBlogger/FrogBlogger.Web.Tests/bin/Debug/FrogBlogger.Web.Tests.DLL" adapterTypeName="Microsoft.VisualStudio.TestTools.TestTypes.Unit.UnitTestAdapter, Microsoft.VisualStudio.QualityTools.Tips.UnitTest.Adapter, Version=10.0.0.0, Culture=neutral, PublicKeyToken=b03f5f7f11d50a3a" className="FrogBlogger.Web.Tests.Controllers.AccountControllerTest, FrogBlogger.Web.Tests, Version=1.0.0.0, Culture=neutral, PublicKeyToken=null" name="RegisterPostReturnsViewIfUsernameNotSpecified" />
    </UnitTest>
    <UnitTest name="Index" storage="c:\language\web\frogblogger\frogblogger.web.tests\bin\debug\frogblogger.web.tests.dll" id="a24a1ed7-7b51-f4a2-5121-06809aa2c911">
      <Execution id="4767a127-f69d-432f-9f62-cf1894924050" />
      <TestMethod codeBase="C:/Language/Web/FrogBlogger/FrogBlogger.Web.Tests/bin/Debug/FrogBlogger.Web.Tests.DLL" adapterTypeName="Microsoft.VisualStudio.TestTools.TestTypes.Unit.UnitTestAdapter, Microsoft.VisualStudio.QualityTools.Tips.UnitTest.Adapter, Version=10.0.0.0, Culture=neutral, PublicKeyToken=b03f5f7f11d50a3a" className="FrogBlogger.Web.Tests.Controllers.HomeControllerTest, FrogBlogger.Web.Tests, Version=1.0.0.0, Culture=neutral, PublicKeyToken=null" name="Index" />
    </UnitTest>
    <UnitTest name="ConstructorSetsProperties" storage="c:\language\web\frogblogger\frogblogger.web.tests\bin\debug\frogblogger.web.tests.dll" id="9af8153b-8063-399e-f0f9-0bf22449261d">
      <Execution id="5d1c42ec-9696-4543-b95b-ac5cba1580dd" />
      <TestMethod codeBase="C:/Language/Web/FrogBlogger/FrogBlogger.Web.Tests/bin/Debug/FrogBlogger.Web.Tests.DLL" adapterTypeName="Microsoft.VisualStudio.TestTools.TestTypes.Unit.UnitTestAdapter, Microsoft.VisualStudio.QualityTools.Tips.UnitTest.Adapter, Version=10.0.0.0, Culture=neutral, PublicKeyToken=b03f5f7f11d50a3a" className="FrogBlogger.Web.Tests.Controllers.AccountControllerTest, FrogBlogger.Web.Tests, Version=1.0.0.0, Culture=neutral, PublicKeyToken=null" name="ConstructorSetsProperties" />
    </UnitTest>
    <UnitTest name="ChangePasswordPostReturnsViewIfNewPasswordIsNull" storage="c:\language\web\frogblogger\frogblogger.web.tests\bin\debug\frogblogger.web.tests.dll" id="e69340f8-8ef8-b17b-ba8c-e12d897e1f29">
      <Execution id="7dff6f35-bd2e-49b8-88d9-b9caf3c09862" />
      <TestMethod codeBase="C:/Language/Web/FrogBlogger/FrogBlogger.Web.Tests/bin/Debug/FrogBlogger.Web.Tests.DLL" adapterTypeName="Microsoft.VisualStudio.TestTools.TestTypes.Unit.UnitTestAdapter, Microsoft.VisualStudio.QualityTools.Tips.UnitTest.Adapter, Version=10.0.0.0, Culture=neutral, PublicKeyToken=b03f5f7f11d50a3a" className="FrogBlogger.Web.Tests.Controllers.AccountControllerTest, FrogBlogger.Web.Tests, Version=1.0.0.0, Culture=neutral, PublicKeyToken=null" name="ChangePasswordPostReturnsViewIfNewPasswordIsNull" />
    </UnitTest>
  </TestDefinitions>
  <TestLists>
    <TestList name="Results Not in a List" id="8c84fa94-04c1-424b-9868-57a2d4851a1d" />
    <TestList name="All Loaded Results" id="19431567-8539-422a-85d7-44ee4e166bda" />
  </TestLists>
  <TestEntries>
    <TestEntry testId="07781006-b0a9-3a6f-8504-9525f876084b" executionId="5bbdb4cc-6947-42af-a377-d51b459a150f" testListId="8c84fa94-04c1-424b-9868-57a2d4851a1d" />
    <TestEntry testId="2126fbff-b698-e4e5-da95-000f5a6c3b0a" executionId="3d970a6e-e425-4d51-90dd-417d9a066a44" testListId="8c84fa94-04c1-424b-9868-57a2d4851a1d" />
    <TestEntry testId="27b0a65f-9909-5003-537e-59445e3de9ce" executionId="d6d52e68-e8c9-4703-a8a7-460d58d24194" testListId="8c84fa94-04c1-424b-9868-57a2d4851a1d" />
    <TestEntry testId="378cf42e-2a25-8603-4868-3fb087928de3" executionId="0a53363b-ee31-479c-819c-b2944da4c6a8" testListId="8c84fa94-04c1-424b-9868-57a2d4851a1d" />
    <TestEntry testId="3ae650f2-bbc4-86bc-5901-267f16488835" executionId="938482f6-fd77-446f-ac72-23ab5d378b85" testListId="8c84fa94-04c1-424b-9868-57a2d4851a1d" />
    <TestEntry testId="3bd3cbb1-af11-f4d7-55c2-f9720d71df29" executionId="976457e7-1104-4256-9b02-fc2ed68e551d" testListId="8c84fa94-04c1-424b-9868-57a2d4851a1d" />
    <TestEntry testId="4025fa16-788b-c18e-82b3-92ee7e85423b" executionId="467e161b-6ab7-464c-b2b7-8813a8145f5e" testListId="8c84fa94-04c1-424b-9868-57a2d4851a1d" />
    <TestEntry testId="40d8ce23-5753-83eb-d60b-e631cdf73f6a" executionId="cc9c2fe3-7367-4ccb-91a3-ea83e448e790" testListId="8c84fa94-04c1-424b-9868-57a2d4851a1d" />
    <TestEntry testId="530774fd-246e-f5a1-7006-11644a65f9da" executionId="47150675-76c4-416d-9045-18bd1ce3bd61" testListId="8c84fa94-04c1-424b-9868-57a2d4851a1d" />
    <TestEntry testId="5b123ecc-4811-dfc8-3daf-c0513d33c411" executionId="2ac0ee28-5e69-436c-bb9a-435c09c615c5" testListId="8c84fa94-04c1-424b-9868-57a2d4851a1d" />
    <TestEntry testId="60607752-d99d-49f1-cd7c-f40eaf612519" executionId="c99d28a5-4720-49db-86a9-ba8ad10f141f" testListId="8c84fa94-04c1-424b-9868-57a2d4851a1d" />
    <TestEntry testId="64da27e1-c4a9-ac41-325d-3e8e47a9505d" executionId="11809e42-0c3f-4d98-a1e3-48c627b4bae1" testListId="8c84fa94-04c1-424b-9868-57a2d4851a1d" />
    <TestEntry testId="64dc0e59-0a24-fcc8-8a3e-0e3dc0901dc5" executionId="b34336d2-98cf-4f71-9594-e209b7ef1cc6" testListId="8c84fa94-04c1-424b-9868-57a2d4851a1d" />
    <TestEntry testId="66a93b30-13be-a5ce-1b16-a32f34b2e3a0" executionId="14ba2874-d425-4712-a8e4-f3dc3ade08ad" testListId="8c84fa94-04c1-424b-9868-57a2d4851a1d" />
    <TestEntry testId="6daa841a-f45a-d29e-30d4-032ec089cfda" executionId="06fee643-eea4-43af-8e7f-76c5cca1cd17" testListId="8c84fa94-04c1-424b-9868-57a2d4851a1d" />
    <TestEntry testId="8705de75-aa27-3c0b-e7d7-7a031141d2af" executionId="9f57b1c2-08ed-47ee-9cb7-cfc78d1bf3f4" testListId="8c84fa94-04c1-424b-9868-57a2d4851a1d" />
    <TestEntry testId="989bf413-9b64-b295-81a9-c1f4dad6c6af" executionId="c5a49e62-25ee-42b8-bb9e-be04fee0257d" testListId="8c84fa94-04c1-424b-9868-57a2d4851a1d" />
    <TestEntry testId="9af8153b-8063-399e-f0f9-0bf22449261d" executionId="5d1c42ec-9696-4543-b95b-ac5cba1580dd" testListId="8c84fa94-04c1-424b-9868-57a2d4851a1d" />
    <TestEntry testId="a24a1ed7-7b51-f4a2-5121-06809aa2c911" executionId="4767a127-f69d-432f-9f62-cf1894924050" testListId="8c84fa94-04c1-424b-9868-57a2d4851a1d" />
    <TestEntry testId="a327f85f-9010-010b-714e-1c85859c8d10" executionId="d5b6039b-ccf9-4aa0-9de3-49b5c4842dde" testListId="8c84fa94-04c1-424b-9868-57a2d4851a1d" />
    <TestEntry testId="addf1109-fdcc-a26a-a59f-20d484056000" executionId="b4ad83d7-7f37-4d75-b151-e068e2d83de1" testListId="8c84fa94-04c1-424b-9868-57a2d4851a1d" />
    <TestEntry testId="bbed69ad-ff3e-2200-3681-913906eebaa9" executionId="27749f2f-c6e2-42c9-81c4-3e09fdac9ede" testListId="8c84fa94-04c1-424b-9868-57a2d4851a1d" />
    <TestEntry testId="d0e0adc6-69cf-7f5c-5748-4ae4a0bd7984" executionId="18022d3a-4530-4730-8c5b-8948eaaf02e8" testListId="8c84fa94-04c1-424b-9868-57a2d4851a1d" />
    <TestEntry testId="d157f167-62aa-b633-df12-b2be68680b24" executionId="b9621d31-188b-4e30-82a9-cd9593350004" testListId="8c84fa94-04c1-424b-9868-57a2d4851a1d" />
    <TestEntry testId="e600770e-0f32-ded8-fd02-cdb7f624cf43" executionId="a46480d5-e60d-4de5-b34b-b6dd19c54f99" testListId="8c84fa94-04c1-424b-9868-57a2d4851a1d" />
    <TestEntry testId="e69340f8-8ef8-b17b-ba8c-e12d897e1f29" executionId="7dff6f35-bd2e-49b8-88d9-b9caf3c09862" testListId="8c84fa94-04c1-424b-9868-57a2d4851a1d" />
    <TestEntry testId="f10b962a-d76e-7420-e5b1-e4f36ed1c63c" executionId="af6425ae-9c02-40e3-9af9-cf36234d55ec" testListId="8c84fa94-04c1-424b-9868-57a2d4851a1d" />
    <TestEntry testId="f65198d7-8f9f-a078-7c7d-7eb8d2e14808" executionId="80576b95-0e19-48a9-b288-42c3463dec47" testListId="8c84fa94-04c1-424b-9868-57a2d4851a1d" />
    <TestEntry testId="f8981536-bb73-b477-5f09-8a468de4b0d6" executionId="0e0fa3e0-f70d-411e-ab4d-7d622e8224f0" testListId="8c84fa94-04c1-424b-9868-57a2d4851a1d" />
  </TestEntries>
  <Results>
    <UnitTestResult executionId="5bbdb4cc-6947-42af-a377-d51b459a150f" testId="07781006-b0a9-3a6f-8504-9525f876084b" testName="ChangePasswordPostReturnsViewIfNewPasswordIsTooShort" computerName="SEANFAOLP1" duration="00:00:00.0270332" startTime="2009-11-30T21:45:08.0027201-05:00" endTime="2009-11-30T21:45:08.7387622-05:00" testType="13cdc9d9-ddb5-4fa4-a97d-d965ccfc6d4b" outcome="Passed" testListId="8c84fa94-04c1-424b-9868-57a2d4851a1d" relativeResultsDirectory="5bbdb4cc-6947-42af-a377-d51b459a150f">
    </UnitTestResult>
    <UnitTestResult executionId="3d970a6e-e425-4d51-90dd-417d9a066a44" testId="2126fbff-b698-e4e5-da95-000f5a6c3b0a" testName="LoginPostReturnsViewIfUsernameOrPasswordIsIncorrect" computerName="SEANFAOLP1" duration="00:00:00.0014499" startTime="2009-11-30T21:45:08.7437625-05:00" endTime="2009-11-30T21:45:08.7497628-05:00" testType="13cdc9d9-ddb5-4fa4-a97d-d965ccfc6d4b" outcome="Passed" testListId="8c84fa94-04c1-424b-9868-57a2d4851a1d" relativeResultsDirectory="3d970a6e-e425-4d51-90dd-417d9a066a44">
    </UnitTestResult>
    <UnitTestResult executionId="d6d52e68-e8c9-4703-a8a7-460d58d24194" testId="27b0a65f-9909-5003-537e-59445e3de9ce" testName="RegisterPostReturnsViewIfRegistrationFails" computerName="SEANFAOLP1" duration="00:00:00.0024860" startTime="2009-11-30T21:45:08.7547631-05:00" endTime="2009-11-30T21:45:08.7607635-05:00" testType="13cdc9d9-ddb5-4fa4-a97d-d965ccfc6d4b" outcome="Passed" testListId="8c84fa94-04c1-424b-9868-57a2d4851a1d" relativeResultsDirectory="d6d52e68-e8c9-4703-a8a7-460d58d24194">
    </UnitTestResult>
    <UnitTestResult executionId="0a53363b-ee31-479c-819c-b2944da4c6a8" testId="378cf42e-2a25-8603-4868-3fb087928de3" testName="LogOff" computerName="SEANFAOLP1" duration="00:00:00.0007803" startTime="2009-11-30T21:45:08.7667638-05:00" endTime="2009-11-30T21:45:08.7717641-05:00" testType="13cdc9d9-ddb5-4fa4-a97d-d965ccfc6d4b" outcome="Passed" testListId="8c84fa94-04c1-424b-9868-57a2d4851a1d" relativeResultsDirectory="0a53363b-ee31-479c-819c-b2944da4c6a8">
    </UnitTestResult>
    <UnitTestResult executionId="938482f6-fd77-446f-ac72-23ab5d378b85" testId="3ae650f2-bbc4-86bc-5901-267f16488835" testName="ChangePasswordSuccess" computerName="SEANFAOLP1" duration="00:00:00.0004552" startTime="2009-11-30T21:45:08.7757643-05:00" endTime="2009-11-30T21:45:08.7807646-05:00" testType="13cdc9d9-ddb5-4fa4-a97d-d965ccfc6d4b" outcome="Passed" testListId="8c84fa94-04c1-424b-9868-57a2d4851a1d" relativeResultsDirectory="938482f6-fd77-446f-ac72-23ab5d378b85">
    </UnitTestResult>
    <UnitTestResult executionId="976457e7-1104-4256-9b02-fc2ed68e551d" testId="3bd3cbb1-af11-f4d7-55c2-f9720d71df29" testName="ChangePasswordPostRedirectsOnSuccess" computerName="SEANFAOLP1" duration="00:00:00.0014167" startTime="2009-11-30T21:45:08.7857649-05:00" endTime="2009-11-30T21:45:08.7927653-05:00" testType="13cdc9d9-ddb5-4fa4-a97d-d965ccfc6d4b" outcome="Passed" testListId="8c84fa94-04c1-424b-9868-57a2d4851a1d" relativeResultsDirectory="976457e7-1104-4256-9b02-fc2ed68e551d">
    </UnitTestResult>
    <UnitTestResult executionId="467e161b-6ab7-464c-b2b7-8813a8145f5e" testId="4025fa16-788b-c18e-82b3-92ee7e85423b" testName="TestFetch" computerName="SEANFAOLP1" duration="00:00:00.3805858" startTime="2009-11-30T21:45:08.7957655-05:00" endTime="2009-11-30T21:45:09.8358249-05:00" testType="13cdc9d9-ddb5-4fa4-a97d-d965ccfc6d4b" outcome="Passed" testListId="8c84fa94-04c1-424b-9868-57a2d4851a1d" relativeResultsDirectory="467e161b-6ab7-464c-b2b7-8813a8145f5e">
    </UnitTestResult>
    <UnitTestResult executionId="cc9c2fe3-7367-4ccb-91a3-ea83e448e790" testId="40d8ce23-5753-83eb-d60b-e631cdf73f6a" testName="ConstructorSetsPropertiesToDefaultValues" computerName="SEANFAOLP1" duration="00:00:00.0079311" startTime="2009-11-30T21:45:09.8408252-05:00" endTime="2009-11-30T21:45:09.8558261-05:00" testType="13cdc9d9-ddb5-4fa4-a97d-d965ccfc6d4b" outcome="Passed" testListId="8c84fa94-04c1-424b-9868-57a2d4851a1d" relativeResultsDirectory="cc9c2fe3-7367-4ccb-91a3-ea83e448e790">
    </UnitTestResult>
    <UnitTestResult executionId="47150675-76c4-416d-9045-18bd1ce3bd61" testId="530774fd-246e-f5a1-7006-11644a65f9da" testName="LoginPostRedirectsToReturnUrlIfLoginSuccessfulAndReturnUrlGiven" computerName="SEANFAOLP1" duration="00:00:00.0004937" startTime="2009-11-30T21:45:09.8598263-05:00" endTime="2009-11-30T21:45:09.8658267-05:00" testType="13cdc9d9-ddb5-4fa4-a97d-d965ccfc6d4b" outcome="Passed" testListId="8c84fa94-04c1-424b-9868-57a2d4851a1d" relativeResultsDirectory="47150675-76c4-416d-9045-18bd1ce3bd61">
    </UnitTestResult>
    <UnitTestResult executionId="2ac0ee28-5e69-436c-bb9a-435c09c615c5" testId="5b123ecc-4811-dfc8-3daf-c0513d33c411" testName="RegisterPostReturnsViewIfUsernameNotSpecified" computerName="SEANFAOLP1" duration="00:00:00.0007069" startTime="2009-11-30T21:45:09.8708269-05:00" endTime="2009-11-30T21:45:09.8808275-05:00" testType="13cdc9d9-ddb5-4fa4-a97d-d965ccfc6d4b" outcome="Passed" testListId="8c84fa94-04c1-424b-9868-57a2d4851a1d" relativeResultsDirectory="2ac0ee28-5e69-436c-bb9a-435c09c615c5">
    </UnitTestResult>
    <UnitTestResult executionId="c99d28a5-4720-49db-86a9-ba8ad10f141f" testId="60607752-d99d-49f1-cd7c-f40eaf612519" testName="About" computerName="SEANFAOLP1" duration="00:00:00.0007927" startTime="2009-11-30T21:45:09.8858278-05:00" endTime="2009-11-30T21:45:09.8998286-05:00" testType="13cdc9d9-ddb5-4fa4-a97d-d965ccfc6d4b" outcome="Passed" testListId="8c84fa94-04c1-424b-9868-57a2d4851a1d" relativeResultsDirectory="c99d28a5-4720-49db-86a9-ba8ad10f141f">
    </UnitTestResult>
    <UnitTestResult executionId="11809e42-0c3f-4d98-a1e3-48c627b4bae1" testId="64da27e1-c4a9-ac41-325d-3e8e47a9505d" testName="LoginPostReturnsViewIfPasswordNotSpecified" computerName="SEANFAOLP1" duration="00:00:00.0004819" startTime="2009-11-30T21:45:09.9038288-05:00" endTime="2009-11-30T21:45:09.9118293-05:00" testType="13cdc9d9-ddb5-4fa4-a97d-d965ccfc6d4b" outcome="Passed" testListId="8c84fa94-04c1-424b-9868-57a2d4851a1d" relativeResultsDirectory="11809e42-0c3f-4d98-a1e3-48c627b4bae1">
    </UnitTestResult>
    <UnitTestResult executionId="b34336d2-98cf-4f71-9594-e209b7ef1cc6" testId="64dc0e59-0a24-fcc8-8a3e-0e3dc0901dc5" testName="LoginPostReturnsViewIfUsernameNotSpecified" computerName="SEANFAOLP1" duration="00:00:00.0004700" startTime="2009-11-30T21:45:09.9158295-05:00" endTime="2009-11-30T21:45:09.9228299-05:00" testType="13cdc9d9-ddb5-4fa4-a97d-d965ccfc6d4b" outcome="Passed" testListId="8c84fa94-04c1-424b-9868-57a2d4851a1d" relativeResultsDirectory="b34336d2-98cf-4f71-9594-e209b7ef1cc6">
    </UnitTestResult>
    <UnitTestResult executionId="14ba2874-d425-4712-a8e4-f3dc3ade08ad" testId="66a93b30-13be-a5ce-1b16-a32f34b2e3a0" testName="LoginPostRedirectsHomeIfLoginSuccessfulButNoReturnUrlGiven" computerName="SEANFAOLP1" duration="00:00:00.0004197" startTime="2009-11-30T21:45:09.9278302-05:00" endTime="2009-11-30T21:45:09.9328305-05:00" testType="13cdc9d9-ddb5-4fa4-a97d-d965ccfc6d4b" outcome="Passed" testListId="8c84fa94-04c1-424b-9868-57a2d4851a1d" relativeResultsDirectory="14ba2874-d425-4712-a8e4-f3dc3ade08ad">
    </UnitTestResult>
    <UnitTestResult executionId="06fee643-eea4-43af-8e7f-76c5cca1cd17" testId="6daa841a-f45a-d29e-30d4-032ec089cfda" testName="CreateTest" computerName="SEANFAOLP1" duration="00:00:00.1135312" startTime="2009-11-30T21:45:09.9368307-05:00" endTime="2009-11-30T21:45:10.0578376-05:00" testType="13cdc9d9-ddb5-4fa4-a97d-d965ccfc6d4b" outcome="Passed" testListId="8c84fa94-04c1-424b-9868-57a2d4851a1d" relativeResultsDirectory="06fee643-eea4-43af-8e7f-76c5cca1cd17">
    </UnitTestResult>
    <UnitTestResult executionId="9f57b1c2-08ed-47ee-9cb7-cfc78d1bf3f4" testId="8705de75-aa27-3c0b-e7d7-7a031141d2af" testName="RegisterGet" computerName="SEANFAOLP1" duration="00:00:00.0005973" startTime="2009-11-30T21:45:10.0608378-05:00" endTime="2009-11-30T21:45:10.0678382-05:00" testType="13cdc9d9-ddb5-4fa4-a97d-d965ccfc6d4b" outcome="Passed" testListId="8c84fa94-04c1-424b-9868-57a2d4851a1d" relativeResultsDirectory="9f57b1c2-08ed-47ee-9cb7-cfc78d1bf3f4">
    </UnitTestResult>
    <UnitTestResult executionId="c5a49e62-25ee-42b8-bb9e-be04fee0257d" testId="989bf413-9b64-b295-81a9-c1f4dad6c6af" testName="RegisterPostReturnsViewIfNewPasswordDoesNotMatchConfirmPassword" computerName="SEANFAOLP1" duration="00:00:00.0005411" startTime="2009-11-30T21:45:10.0708384-05:00" endTime="2009-11-30T21:45:10.0778388-05:00" testType="13cdc9d9-ddb5-4fa4-a97d-d965ccfc6d4b" outcome="Passed" testListId="8c84fa94-04c1-424b-9868-57a2d4851a1d" relativeResultsDirectory="c5a49e62-25ee-42b8-bb9e-be04fee0257d">
    </UnitTestResult>
    <UnitTestResult executionId="5d1c42ec-9696-4543-b95b-ac5cba1580dd" testId="9af8153b-8063-399e-f0f9-0bf22449261d" testName="ConstructorSetsProperties" computerName="SEANFAOLP1" duration="00:00:00.0005642" startTime="2009-11-30T21:45:10.0818390-05:00" endTime="2009-11-30T21:45:10.0878394-05:00" testType="13cdc9d9-ddb5-4fa4-a97d-d965ccfc6d4b" outcome="Passed" testListId="8c84fa94-04c1-424b-9868-57a2d4851a1d" relativeResultsDirectory="5d1c42ec-9696-4543-b95b-ac5cba1580dd">
    </UnitTestResult>
    <UnitTestResult executionId="4767a127-f69d-432f-9f62-cf1894924050" testId="a24a1ed7-7b51-f4a2-5121-06809aa2c911" testName="Index" computerName="SEANFAOLP1" duration="00:00:00.0005038" startTime="2009-11-30T21:45:10.0918396-05:00" endTime="2009-11-30T21:45:10.1078405-05:00" testType="13cdc9d9-ddb5-4fa4-a97d-d965ccfc6d4b" outcome="Passed" testListId="8c84fa94-04c1-424b-9868-57a2d4851a1d" relativeResultsDirectory="4767a127-f69d-432f-9f62-cf1894924050">
    </UnitTestResult>
    <UnitTestResult executionId="d5b6039b-ccf9-4aa0-9de3-49b5c4842dde" testId="a327f85f-9010-010b-714e-1c85859c8d10" testName="RegisterPostReturnsViewIfPasswordIsNull" computerName="SEANFAOLP1" duration="00:00:00.0005500" startTime="2009-11-30T21:45:10.1118407-05:00" endTime="2009-11-30T21:45:10.1188411-05:00" testType="13cdc9d9-ddb5-4fa4-a97d-d965ccfc6d4b" outcome="Passed" testListId="8c84fa94-04c1-424b-9868-57a2d4851a1d" relativeResultsDirectory="d5b6039b-ccf9-4aa0-9de3-49b5c4842dde">
    </UnitTestResult>
    <UnitTestResult executionId="b4ad83d7-7f37-4d75-b151-e068e2d83de1" testId="addf1109-fdcc-a26a-a59f-20d484056000" testName="ChangePasswordPostReturnsViewIfProviderRejectsPassword" computerName="SEANFAOLP1" duration="00:00:00.0005476" startTime="2009-11-30T21:45:10.1218413-05:00" endTime="2009-11-30T21:45:10.1288417-05:00" testType="13cdc9d9-ddb5-4fa4-a97d-d965ccfc6d4b" outcome="Passed" testListId="8c84fa94-04c1-424b-9868-57a2d4851a1d" relativeResultsDirectory="b4ad83d7-7f37-4d75-b151-e068e2d83de1">
    </UnitTestResult>
    <UnitTestResult executionId="27749f2f-c6e2-42c9-81c4-3e09fdac9ede" testId="bbed69ad-ff3e-2200-3681-913906eebaa9" testName="LoginGet" computerName="SEANFAOLP1" duration="00:00:00.0004268" startTime="2009-11-30T21:45:10.1448426-05:00" endTime="2009-11-30T21:45:10.1498429-05:00" testType="13cdc9d9-ddb5-4fa4-a97d-d965ccfc6d4b" outcome="Passed" testListId="8c84fa94-04c1-424b-9868-57a2d4851a1d" relativeResultsDirectory="27749f2f-c6e2-42c9-81c4-3e09fdac9ede">
    </UnitTestResult>
    <UnitTestResult executionId="18022d3a-4530-4730-8c5b-8948eaaf02e8" testId="d0e0adc6-69cf-7f5c-5748-4ae4a0bd7984" testName="ChangePasswordPostReturnsViewIfCurrentPasswordNotSpecified" computerName="SEANFAOLP1" duration="00:00:00.0005281" startTime="2009-11-30T21:45:10.1538431-05:00" endTime="2009-11-30T21:45:10.1588434-05:00" testType="13cdc9d9-ddb5-4fa4-a97d-d965ccfc6d4b" outcome="Passed" testListId="8c84fa94-04c1-424b-9868-57a2d4851a1d" relativeResultsDirectory="18022d3a-4530-4730-8c5b-8948eaaf02e8">
    </UnitTestResult>
    <UnitTestResult executionId="b9621d31-188b-4e30-82a9-cd9593350004" testId="d157f167-62aa-b633-df12-b2be68680b24" testName="ChangePasswordGetReturnsView" computerName="SEANFAOLP1" duration="00:00:00.0005873" startTime="2009-11-30T21:45:10.1628436-05:00" endTime="2009-11-30T21:45:10.1698440-05:00" testType="13cdc9d9-ddb5-4fa4-a97d-d965ccfc6d4b" outcome="Passed" testListId="8c84fa94-04c1-424b-9868-57a2d4851a1d" relativeResultsDirectory="b9621d31-188b-4e30-82a9-cd9593350004">
    </UnitTestResult>
    <UnitTestResult executionId="a46480d5-e60d-4de5-b34b-b6dd19c54f99" testId="e600770e-0f32-ded8-fd02-cdb7f624cf43" testName="RegisterPostReturnsViewIfPasswordIsTooShort" computerName="SEANFAOLP1" duration="00:00:00.0005275" startTime="2009-11-30T21:45:10.1728442-05:00" endTime="2009-11-30T21:45:10.1798446-05:00" testType="13cdc9d9-ddb5-4fa4-a97d-d965ccfc6d4b" outcome="Passed" testListId="8c84fa94-04c1-424b-9868-57a2d4851a1d" relativeResultsDirectory="a46480d5-e60d-4de5-b34b-b6dd19c54f99">
    </UnitTestResult>
    <UnitTestResult executionId="7dff6f35-bd2e-49b8-88d9-b9caf3c09862" testId="e69340f8-8ef8-b17b-ba8c-e12d897e1f29" testName="ChangePasswordPostReturnsViewIfNewPasswordIsNull" computerName="SEANFAOLP1" duration="00:00:00.0005375" startTime="2009-11-30T21:45:10.1828448-05:00" endTime="2009-11-30T21:45:10.1898452-05:00" testType="13cdc9d9-ddb5-4fa4-a97d-d965ccfc6d4b" outcome="Passed" testListId="8c84fa94-04c1-424b-9868-57a2d4851a1d" relativeResultsDirectory="7dff6f35-bd2e-49b8-88d9-b9caf3c09862">
    </UnitTestResult>
    <UnitTestResult executionId="af6425ae-9c02-40e3-9af9-cf36234d55ec" testId="f10b962a-d76e-7420-e5b1-e4f36ed1c63c" testName="RegisterPostReturnsViewIfEmailNotSpecified" computerName="SEANFAOLP1" duration="00:00:00.0005784" startTime="2009-11-30T21:45:10.1948455-05:00" endTime="2009-11-30T21:45:10.2008458-05:00" testType="13cdc9d9-ddb5-4fa4-a97d-d965ccfc6d4b" outcome="Passed" testListId="8c84fa94-04c1-424b-9868-57a2d4851a1d" relativeResultsDirectory="af6425ae-9c02-40e3-9af9-cf36234d55ec">
    </UnitTestResult>
    <UnitTestResult executionId="80576b95-0e19-48a9-b288-42c3463dec47" testId="f65198d7-8f9f-a078-7c7d-7eb8d2e14808" testName="RegisterPostRedirectsHomeIfRegistrationSuccessful" computerName="SEANFAOLP1" duration="00:00:00.0004369" startTime="2009-11-30T21:45:10.2038460-05:00" endTime="2009-11-30T21:45:10.2178468-05:00" testType="13cdc9d9-ddb5-4fa4-a97d-d965ccfc6d4b" outcome="Passed" testListId="8c84fa94-04c1-424b-9868-57a2d4851a1d" relativeResultsDirectory="80576b95-0e19-48a9-b288-42c3463dec47">
    </UnitTestResult>
    <UnitTestResult executionId="0e0fa3e0-f70d-411e-ab4d-7d622e8224f0" testId="f8981536-bb73-b477-5f09-8a468de4b0d6" testName="ChangePasswordPostReturnsViewIfNewPasswordDoesNotMatchConfirmPassword" computerName="SEANFAOLP1" duration="00:00:00.0005322" startTime="2009-11-30T21:45:10.2208470-05:00" endTime="2009-11-30T21:45:10.2278474-05:00" testType="13cdc9d9-ddb5-4fa4-a97d-d965ccfc6d4b" outcome="Passed" testListId="8c84fa94-04c1-424b-9868-57a2d4851a1d" relativeResultsDirectory="0e0fa3e0-f70d-411e-ab4d-7d622e8224f0">
    </UnitTestResult>
  </Results>
</TestRun>