<?xml version="1.0" encoding="UTF-8"?>
<TestRun id="7fdb37b8-4194-4f52-92ba-146dbb0bf5a8" name="Sean@SEANFAOLP1 2009-11-30 21:26:53" runUser="seanfaolp1\Sean" xmlns="http://microsoft.com/schemas/VisualStudio/TeamTest/2010">
  <TestSettings name="Local" id="c523c918-6d7f-4253-bc64-aa12d4934e23">
    <Description>These are default test settings for a local test run.</Description>
    <Deployment enabled="false" runDeploymentRoot="Sean_SEANFAOLP1 2009-11-30 21_26_53">
      <DeploymentItem filename="C:\Language\Web\FrogBlogger\FrogBlogger.Dal\bin\Debug\FrogBlogger.Dal.dll" />
      <DeploymentItem filename="C:\Language\Web\FrogBlogger\FrogBlogger.Web\bin\FrogBlogger.Web.dll" />
    </Deployment>
    <Execution>
      <TestTypeSpecific />
      <AgentRule name="Execution Agents">
      </AgentRule>
    </Execution>
  </TestSettings>
  <Times creation="2009-11-30T21:26:53.1630988-05:00" queuing="2009-11-30T21:26:57.5263484-05:00" start="2009-11-30T21:26:57.7633620-05:00" finish="2009-11-30T21:27:00.3645107-05:00" />
  <ResultSummary outcome="Failed">
    <Counters total="29" executed="29" passed="27" error="0" failed="2" timeout="0" aborted="0" inconclusive="0" passedButRunAborted="0" notRunnable="0" notExecuted="0" disconnected="0" warning="0" completed="0" inProgress="0" pending="0" />
  </ResultSummary>
  <TestDefinitions>
    <UnitTest name="TestFetch" storage="c:\language\web\frogblogger\frogblogger.tests\bin\debug\frogblogger.tests.dll" id="4025fa16-788b-c18e-82b3-92ee7e85423b">
      <Execution id="c5ec4755-84fd-4b31-a781-a214f94b9c02" />
      <TestMethod codeBase="C:/Language/Web/FrogBlogger/FrogBlogger.Tests/bin/Debug/FrogBlogger.Tests.DLL" adapterTypeName="Microsoft.VisualStudio.TestTools.TestTypes.Unit.UnitTestAdapter, Microsoft.VisualStudio.QualityTools.Tips.UnitTest.Adapter, Version=10.0.0.0, Culture=neutral, PublicKeyToken=b03f5f7f11d50a3a" className="FrogBlogger.Tests.RepositoryTest, FrogBlogger.Tests, Version=1.0.0.0, Culture=neutral, PublicKeyToken=null" name="TestFetch" />
    </UnitTest>
    <UnitTest name="RegisterPostReturnsViewIfEmailNotSpecified" storage="c:\language\web\frogblogger\frogblogger.web.tests\bin\debug\frogblogger.web.tests.dll" id="f10b962a-d76e-7420-e5b1-e4f36ed1c63c">
      <Execution id="7d7d844b-f570-4e6e-b1da-f41117942f13" />
      <TestMethod codeBase="C:/Language/Web/FrogBlogger/FrogBlogger.Web.Tests/bin/Debug/FrogBlogger.Web.Tests.DLL" adapterTypeName="Microsoft.VisualStudio.TestTools.TestTypes.Unit.UnitTestAdapter, Microsoft.VisualStudio.QualityTools.Tips.UnitTest.Adapter, Version=10.0.0.0, Culture=neutral, PublicKeyToken=b03f5f7f11d50a3a" className="FrogBlogger.Web.Tests.Controllers.AccountControllerTest, FrogBlogger.Web.Tests, Version=1.0.0.0, Culture=neutral, PublicKeyToken=null" name="RegisterPostReturnsViewIfEmailNotSpecified" />
    </UnitTest>
    <UnitTest name="ChangePasswordSuccess" storage="c:\language\web\frogblogger\frogblogger.web.tests\bin\debug\frogblogger.web.tests.dll" id="3ae650f2-bbc4-86bc-5901-267f16488835">
      <Execution id="b82826c8-d12e-4c8e-8ee1-014b711e9938" />
      <TestMethod codeBase="C:/Language/Web/FrogBlogger/FrogBlogger.Web.Tests/bin/Debug/FrogBlogger.Web.Tests.DLL" adapterTypeName="Microsoft.VisualStudio.TestTools.TestTypes.Unit.UnitTestAdapter, Microsoft.VisualStudio.QualityTools.Tips.UnitTest.Adapter, Version=10.0.0.0, Culture=neutral, PublicKeyToken=b03f5f7f11d50a3a" className="FrogBlogger.Web.Tests.Controllers.AccountControllerTest, FrogBlogger.Web.Tests, Version=1.0.0.0, Culture=neutral, PublicKeyToken=null" name="ChangePasswordSuccess" />
    </UnitTest>
    <UnitTest name="LoginPostRedirectsToReturnUrlIfLoginSuccessfulAndReturnUrlGiven" storage="c:\language\web\frogblogger\frogblogger.web.tests\bin\debug\frogblogger.web.tests.dll" id="530774fd-246e-f5a1-7006-11644a65f9da">
      <Execution id="033f11a2-d1d7-4495-909a-8892392ad48e" />
      <TestMethod codeBase="C:/Language/Web/FrogBlogger/FrogBlogger.Web.Tests/bin/Debug/FrogBlogger.Web.Tests.DLL" adapterTypeName="Microsoft.VisualStudio.TestTools.TestTypes.Unit.UnitTestAdapter, Microsoft.VisualStudio.QualityTools.Tips.UnitTest.Adapter, Version=10.0.0.0, Culture=neutral, PublicKeyToken=b03f5f7f11d50a3a" className="FrogBlogger.Web.Tests.Controllers.AccountControllerTest, FrogBlogger.Web.Tests, Version=1.0.0.0, Culture=neutral, PublicKeyToken=null" name="LoginPostRedirectsToReturnUrlIfLoginSuccessfulAndReturnUrlGiven" />
    </UnitTest>
    <UnitTest name="CreateTest" storage="c:\language\web\frogblogger\frogblogger.tests\bin\debug\frogblogger.tests.dll" id="6daa841a-f45a-d29e-30d4-032ec089cfda">
      <Execution id="101a657c-be98-4fa3-a8fb-0bad2f260516" />
      <TestMethod codeBase="C:/Language/Web/FrogBlogger/FrogBlogger.Tests/bin/Debug/FrogBlogger.Tests.DLL" adapterTypeName="Microsoft.VisualStudio.TestTools.TestTypes.Unit.UnitTestAdapter, Microsoft.VisualStudio.QualityTools.Tips.UnitTest.Adapter, Version=10.0.0.0, Culture=neutral, PublicKeyToken=b03f5f7f11d50a3a" className="FrogBlogger.Tests.RepositoryTest, FrogBlogger.Tests, Version=1.0.0.0, Culture=neutral, PublicKeyToken=null" name="CreateTest" />
    </UnitTest>
    <UnitTest name="RegisterPostReturnsViewIfPasswordIsNull" storage="c:\language\web\frogblogger\frogblogger.web.tests\bin\debug\frogblogger.web.tests.dll" id="a327f85f-9010-010b-714e-1c85859c8d10">
      <Execution id="663ee59b-fdd5-4cc2-906a-5ca8fb1fd136" />
      <TestMethod codeBase="C:/Language/Web/FrogBlogger/FrogBlogger.Web.Tests/bin/Debug/FrogBlogger.Web.Tests.DLL" adapterTypeName="Microsoft.VisualStudio.TestTools.TestTypes.Unit.UnitTestAdapter, Microsoft.VisualStudio.QualityTools.Tips.UnitTest.Adapter, Version=10.0.0.0, Culture=neutral, PublicKeyToken=b03f5f7f11d50a3a" className="FrogBlogger.Web.Tests.Controllers.AccountControllerTest, FrogBlogger.Web.Tests, Version=1.0.0.0, Culture=neutral, PublicKeyToken=null" name="RegisterPostReturnsViewIfPasswordIsNull" />
    </UnitTest>
    <UnitTest name="ChangePasswordPostReturnsViewIfNewPasswordIsTooShort" storage="c:\language\web\frogblogger\frogblogger.web.tests\bin\debug\frogblogger.web.tests.dll" id="07781006-b0a9-3a6f-8504-9525f876084b">
      <Execution id="bdfb8869-1b09-400a-a9d9-1116d803f34e" />
      <TestMethod codeBase="C:/Language/Web/FrogBlogger/FrogBlogger.Web.Tests/bin/Debug/FrogBlogger.Web.Tests.DLL" adapterTypeName="Microsoft.VisualStudio.TestTools.TestTypes.Unit.UnitTestAdapter, Microsoft.VisualStudio.QualityTools.Tips.UnitTest.Adapter, Version=10.0.0.0, Culture=neutral, PublicKeyToken=b03f5f7f11d50a3a" className="FrogBlogger.Web.Tests.Controllers.AccountControllerTest, FrogBlogger.Web.Tests, Version=1.0.0.0, Culture=neutral, PublicKeyToken=null" name="ChangePasswordPostReturnsViewIfNewPasswordIsTooShort" />
    </UnitTest>
    <UnitTest name="ChangePasswordPostReturnsViewIfProviderRejectsPassword" storage="c:\language\web\frogblogger\frogblogger.web.tests\bin\debug\frogblogger.web.tests.dll" id="addf1109-fdcc-a26a-a59f-20d484056000">
      <Execution id="338ff3f8-5740-4ef3-83ec-8505252eaded" />
      <TestMethod codeBase="C:/Language/Web/FrogBlogger/FrogBlogger.Web.Tests/bin/Debug/FrogBlogger.Web.Tests.DLL" adapterTypeName="Microsoft.VisualStudio.TestTools.TestTypes.Unit.UnitTestAdapter, Microsoft.VisualStudio.QualityTools.Tips.UnitTest.Adapter, Version=10.0.0.0, Culture=neutral, PublicKeyToken=b03f5f7f11d50a3a" className="FrogBlogger.Web.Tests.Controllers.AccountControllerTest, FrogBlogger.Web.Tests, Version=1.0.0.0, Culture=neutral, PublicKeyToken=null" name="ChangePasswordPostReturnsViewIfProviderRejectsPassword" />
    </UnitTest>
    <UnitTest name="ChangePasswordPostRedirectsOnSuccess" storage="c:\language\web\frogblogger\frogblogger.web.tests\bin\debug\frogblogger.web.tests.dll" id="3bd3cbb1-af11-f4d7-55c2-f9720d71df29">
      <Execution id="22f84b07-6358-48c0-92bf-5e7795c3eb5f" />
      <TestMethod codeBase="C:/Language/Web/FrogBlogger/FrogBlogger.Web.Tests/bin/Debug/FrogBlogger.Web.Tests.DLL" adapterTypeName="Microsoft.VisualStudio.TestTools.TestTypes.Unit.UnitTestAdapter, Microsoft.VisualStudio.QualityTools.Tips.UnitTest.Adapter, Version=10.0.0.0, Culture=neutral, PublicKeyToken=b03f5f7f11d50a3a" className="FrogBlogger.Web.Tests.Controllers.AccountControllerTest, FrogBlogger.Web.Tests, Version=1.0.0.0, Culture=neutral, PublicKeyToken=null" name="ChangePasswordPostRedirectsOnSuccess" />
    </UnitTest>
    <UnitTest name="LoginPostReturnsViewIfUsernameNotSpecified" storage="c:\language\web\frogblogger\frogblogger.web.tests\bin\debug\frogblogger.web.tests.dll" id="64dc0e59-0a24-fcc8-8a3e-0e3dc0901dc5">
      <Execution id="8fb81b18-6849-4aa2-a4d8-58d50e3422c3" />
      <TestMethod codeBase="C:/Language/Web/FrogBlogger/FrogBlogger.Web.Tests/bin/Debug/FrogBlogger.Web.Tests.DLL" adapterTypeName="Microsoft.VisualStudio.TestTools.TestTypes.Unit.UnitTestAdapter, Microsoft.VisualStudio.QualityTools.Tips.UnitTest.Adapter, Version=10.0.0.0, Culture=neutral, PublicKeyToken=b03f5f7f11d50a3a" className="FrogBlogger.Web.Tests.Controllers.AccountControllerTest, FrogBlogger.Web.Tests, Version=1.0.0.0, Culture=neutral, PublicKeyToken=null" name="LoginPostReturnsViewIfUsernameNotSpecified" />
    </UnitTest>
    <UnitTest name="LoginPostReturnsViewIfUsernameOrPasswordIsIncorrect" storage="c:\language\web\frogblogger\frogblogger.web.tests\bin\debug\frogblogger.web.tests.dll" id="2126fbff-b698-e4e5-da95-000f5a6c3b0a">
      <Execution id="c2a400e9-062b-4982-ab9a-ede7a76c533a" />
      <TestMethod codeBase="C:/Language/Web/FrogBlogger/FrogBlogger.Web.Tests/bin/Debug/FrogBlogger.Web.Tests.DLL" adapterTypeName="Microsoft.VisualStudio.TestTools.TestTypes.Unit.UnitTestAdapter, Microsoft.VisualStudio.QualityTools.Tips.UnitTest.Adapter, Version=10.0.0.0, Culture=neutral, PublicKeyToken=b03f5f7f11d50a3a" className="FrogBlogger.Web.Tests.Controllers.AccountControllerTest, FrogBlogger.Web.Tests, Version=1.0.0.0, Culture=neutral, PublicKeyToken=null" name="LoginPostReturnsViewIfUsernameOrPasswordIsIncorrect" />
    </UnitTest>
    <UnitTest name="LoginPostRedirectsHomeIfLoginSuccessfulButNoReturnUrlGiven" storage="c:\language\web\frogblogger\frogblogger.web.tests\bin\debug\frogblogger.web.tests.dll" id="66a93b30-13be-a5ce-1b16-a32f34b2e3a0">
      <Execution id="92d28d9e-f77e-4617-a744-80423258afe2" />
      <TestMethod codeBase="C:/Language/Web/FrogBlogger/FrogBlogger.Web.Tests/bin/Debug/FrogBlogger.Web.Tests.DLL" adapterTypeName="Microsoft.VisualStudio.TestTools.TestTypes.Unit.UnitTestAdapter, Microsoft.VisualStudio.QualityTools.Tips.UnitTest.Adapter, Version=10.0.0.0, Culture=neutral, PublicKeyToken=b03f5f7f11d50a3a" className="FrogBlogger.Web.Tests.Controllers.AccountControllerTest, FrogBlogger.Web.Tests, Version=1.0.0.0, Culture=neutral, PublicKeyToken=null" name="LoginPostRedirectsHomeIfLoginSuccessfulButNoReturnUrlGiven" />
    </UnitTest>
    <UnitTest name="LoginPostReturnsViewIfPasswordNotSpecified" storage="c:\language\web\frogblogger\frogblogger.web.tests\bin\debug\frogblogger.web.tests.dll" id="64da27e1-c4a9-ac41-325d-3e8e47a9505d">
      <Execution id="bd23bec4-fa62-481e-a28b-996885f54a5a" />
      <TestMethod codeBase="C:/Language/Web/FrogBlogger/FrogBlogger.Web.Tests/bin/Debug/FrogBlogger.Web.Tests.DLL" adapterTypeName="Microsoft.VisualStudio.TestTools.TestTypes.Unit.UnitTestAdapter, Microsoft.VisualStudio.QualityTools.Tips.UnitTest.Adapter, Version=10.0.0.0, Culture=neutral, PublicKeyToken=b03f5f7f11d50a3a" className="FrogBlogger.Web.Tests.Controllers.AccountControllerTest, FrogBlogger.Web.Tests, Version=1.0.0.0, Culture=neutral, PublicKeyToken=null" name="LoginPostReturnsViewIfPasswordNotSpecified" />
    </UnitTest>
    <UnitTest name="ChangePasswordPostReturnsViewIfNewPasswordDoesNotMatchConfirmPassword" storage="c:\language\web\frogblogger\frogblogger.web.tests\bin\debug\frogblogger.web.tests.dll" id="f8981536-bb73-b477-5f09-8a468de4b0d6">
      <Execution id="bb5417be-0842-4d5d-97dd-2291d98f8eb1" />
      <TestMethod codeBase="C:/Language/Web/FrogBlogger/FrogBlogger.Web.Tests/bin/Debug/FrogBlogger.Web.Tests.DLL" adapterTypeName="Microsoft.VisualStudio.TestTools.TestTypes.Unit.UnitTestAdapter, Microsoft.VisualStudio.QualityTools.Tips.UnitTest.Adapter, Version=10.0.0.0, Culture=neutral, PublicKeyToken=b03f5f7f11d50a3a" className="FrogBlogger.Web.Tests.Controllers.AccountControllerTest, FrogBlogger.Web.Tests, Version=1.0.0.0, Culture=neutral, PublicKeyToken=null" name="ChangePasswordPostReturnsViewIfNewPasswordDoesNotMatchConfirmPassword" />
    </UnitTest>
    <UnitTest name="About" storage="c:\language\web\frogblogger\frogblogger.web.tests\bin\debug\frogblogger.web.tests.dll" id="60607752-d99d-49f1-cd7c-f40eaf612519">
      <Execution id="da8ad9c0-9b44-49e1-8ceb-60c22c064960" />
      <TestMethod codeBase="C:/Language/Web/FrogBlogger/FrogBlogger.Web.Tests/bin/Debug/FrogBlogger.Web.Tests.DLL" adapterTypeName="Microsoft.VisualStudio.TestTools.TestTypes.Unit.UnitTestAdapter, Microsoft.VisualStudio.QualityTools.Tips.UnitTest.Adapter, Version=10.0.0.0, Culture=neutral, PublicKeyToken=b03f5f7f11d50a3a" className="FrogBlogger.Web.Tests.Controllers.HomeControllerTest, FrogBlogger.Web.Tests, Version=1.0.0.0, Culture=neutral, PublicKeyToken=null" name="About" />
    </UnitTest>
    <UnitTest name="RegisterGet" storage="c:\language\web\frogblogger\frogblogger.web.tests\bin\debug\frogblogger.web.tests.dll" id="8705de75-aa27-3c0b-e7d7-7a031141d2af">
      <Execution id="82eac581-2355-4f11-8c6e-a4292c3ce299" />
      <TestMethod codeBase="C:/Language/Web/FrogBlogger/FrogBlogger.Web.Tests/bin/Debug/FrogBlogger.Web.Tests.DLL" adapterTypeName="Microsoft.VisualStudio.TestTools.TestTypes.Unit.UnitTestAdapter, Microsoft.VisualStudio.QualityTools.Tips.UnitTest.Adapter, Version=10.0.0.0, Culture=neutral, PublicKeyToken=b03f5f7f11d50a3a" className="FrogBlogger.Web.Tests.Controllers.AccountControllerTest, FrogBlogger.Web.Tests, Version=1.0.0.0, Culture=neutral, PublicKeyToken=null" name="RegisterGet" />
    </UnitTest>
    <UnitTest name="RegisterPostReturnsViewIfRegistrationFails" storage="c:\language\web\frogblogger\frogblogger.web.tests\bin\debug\frogblogger.web.tests.dll" id="27b0a65f-9909-5003-537e-59445e3de9ce">
      <Execution id="562c6705-19b5-454f-8b81-bcd294b689f4" />
      <TestMethod codeBase="C:/Language/Web/FrogBlogger/FrogBlogger.Web.Tests/bin/Debug/FrogBlogger.Web.Tests.DLL" adapterTypeName="Microsoft.VisualStudio.TestTools.TestTypes.Unit.UnitTestAdapter, Microsoft.VisualStudio.QualityTools.Tips.UnitTest.Adapter, Version=10.0.0.0, Culture=neutral, PublicKeyToken=b03f5f7f11d50a3a" className="FrogBlogger.Web.Tests.Controllers.AccountControllerTest, FrogBlogger.Web.Tests, Version=1.0.0.0, Culture=neutral, PublicKeyToken=null" name="RegisterPostReturnsViewIfRegistrationFails" />
    </UnitTest>
    <UnitTest name="LogOff" storage="c:\language\web\frogblogger\frogblogger.web.tests\bin\debug\frogblogger.web.tests.dll" id="378cf42e-2a25-8603-4868-3fb087928de3">
      <Execution id="ebb2a426-a1a0-41c8-9bf3-25a2a501efef" />
      <TestMethod codeBase="C:/Language/Web/FrogBlogger/FrogBlogger.Web.Tests/bin/Debug/FrogBlogger.Web.Tests.DLL" adapterTypeName="Microsoft.VisualStudio.TestTools.TestTypes.Unit.UnitTestAdapter, Microsoft.VisualStudio.QualityTools.Tips.UnitTest.Adapter, Version=10.0.0.0, Culture=neutral, PublicKeyToken=b03f5f7f11d50a3a" className="FrogBlogger.Web.Tests.Controllers.AccountControllerTest, FrogBlogger.Web.Tests, Version=1.0.0.0, Culture=neutral, PublicKeyToken=null" name="LogOff" />
    </UnitTest>
    <UnitTest name="ChangePasswordGetReturnsView" storage="c:\language\web\frogblogger\frogblogger.web.tests\bin\debug\frogblogger.web.tests.dll" id="d157f167-62aa-b633-df12-b2be68680b24">
      <Execution id="df7aad19-9221-40ef-a42a-b34dfa1cff73" />
      <TestMethod codeBase="C:/Language/Web/FrogBlogger/FrogBlogger.Web.Tests/bin/Debug/FrogBlogger.Web.Tests.DLL" adapterTypeName="Microsoft.VisualStudio.TestTools.TestTypes.Unit.UnitTestAdapter, Microsoft.VisualStudio.QualityTools.Tips.UnitTest.Adapter, Version=10.0.0.0, Culture=neutral, PublicKeyToken=b03f5f7f11d50a3a" className="FrogBlogger.Web.Tests.Controllers.AccountControllerTest, FrogBlogger.Web.Tests, Version=1.0.0.0, Culture=neutral, PublicKeyToken=null" name="ChangePasswordGetReturnsView" />
    </UnitTest>
    <UnitTest name="RegisterPostReturnsViewIfNewPasswordDoesNotMatchConfirmPassword" storage="c:\language\web\frogblogger\frogblogger.web.tests\bin\debug\frogblogger.web.tests.dll" id="989bf413-9b64-b295-81a9-c1f4dad6c6af">
      <Execution id="3effb685-d1f6-4c04-9633-5b18275a1b43" />
      <TestMethod codeBase="C:/Language/Web/FrogBlogger/FrogBlogger.Web.Tests/bin/Debug/FrogBlogger.Web.Tests.DLL" adapterTypeName="Microsoft.VisualStudio.TestTools.TestTypes.Unit.UnitTestAdapter, Microsoft.VisualStudio.QualityTools.Tips.UnitTest.Adapter, Version=10.0.0.0, Culture=neutral, PublicKeyToken=b03f5f7f11d50a3a" className="FrogBlogger.Web.Tests.Controllers.AccountControllerTest, FrogBlogger.Web.Tests, Version=1.0.0.0, Culture=neutral, PublicKeyToken=null" name="RegisterPostReturnsViewIfNewPasswordDoesNotMatchConfirmPassword" />
    </UnitTest>
    <UnitTest name="ChangePasswordPostReturnsViewIfCurrentPasswordNotSpecified" storage="c:\language\web\frogblogger\frogblogger.web.tests\bin\debug\frogblogger.web.tests.dll" id="d0e0adc6-69cf-7f5c-5748-4ae4a0bd7984">
      <Execution id="f71bb5f4-45c2-41ad-948f-3f50590ef6a2" />
      <TestMethod codeBase="C:/Language/Web/FrogBlogger/FrogBlogger.Web.Tests/bin/Debug/FrogBlogger.Web.Tests.DLL" adapterTypeName="Microsoft.VisualStudio.TestTools.TestTypes.Unit.UnitTestAdapter, Microsoft.VisualStudio.QualityTools.Tips.UnitTest.Adapter, Version=10.0.0.0, Culture=neutral, PublicKeyToken=b03f5f7f11d50a3a" className="FrogBlogger.Web.Tests.Controllers.AccountControllerTest, FrogBlogger.Web.Tests, Version=1.0.0.0, Culture=neutral, PublicKeyToken=null" name="ChangePasswordPostReturnsViewIfCurrentPasswordNotSpecified" />
    </UnitTest>
    <UnitTest name="RegisterPostReturnsViewIfPasswordIsTooShort" storage="c:\language\web\frogblogger\frogblogger.web.tests\bin\debug\frogblogger.web.tests.dll" id="e600770e-0f32-ded8-fd02-cdb7f624cf43">
      <Execution id="75e841ad-775e-4637-8948-8568bd1a9ee8" />
      <TestMethod codeBase="C:/Language/Web/FrogBlogger/FrogBlogger.Web.Tests/bin/Debug/FrogBlogger.Web.Tests.DLL" adapterTypeName="Microsoft.VisualStudio.TestTools.TestTypes.Unit.UnitTestAdapter, Microsoft.VisualStudio.QualityTools.Tips.UnitTest.Adapter, Version=10.0.0.0, Culture=neutral, PublicKeyToken=b03f5f7f11d50a3a" className="FrogBlogger.Web.Tests.Controllers.AccountControllerTest, FrogBlogger.Web.Tests, Version=1.0.0.0, Culture=neutral, PublicKeyToken=null" name="RegisterPostReturnsViewIfPasswordIsTooShort" />
    </UnitTest>
    <UnitTest name="ConstructorSetsPropertiesToDefaultValues" storage="c:\language\web\frogblogger\frogblogger.web.tests\bin\debug\frogblogger.web.tests.dll" id="40d8ce23-5753-83eb-d60b-e631cdf73f6a">
      <Execution id="3a147f43-7e42-4fde-900d-b1e7f6673a99" />
      <TestMethod codeBase="C:/Language/Web/FrogBlogger/FrogBlogger.Web.Tests/bin/Debug/FrogBlogger.Web.Tests.DLL" adapterTypeName="Microsoft.VisualStudio.TestTools.TestTypes.Unit.UnitTestAdapter, Microsoft.VisualStudio.QualityTools.Tips.UnitTest.Adapter, Version=10.0.0.0, Culture=neutral, PublicKeyToken=b03f5f7f11d50a3a" className="FrogBlogger.Web.Tests.Controllers.AccountControllerTest, FrogBlogger.Web.Tests, Version=1.0.0.0, Culture=neutral, PublicKeyToken=null" name="ConstructorSetsPropertiesToDefaultValues" />
    </UnitTest>
    <UnitTest name="RegisterPostRedirectsHomeIfRegistrationSuccessful" storage="c:\language\web\frogblogger\frogblogger.web.tests\bin\debug\frogblogger.web.tests.dll" id="f65198d7-8f9f-a078-7c7d-7eb8d2e14808">
      <Execution id="28bb7ab9-e58f-4638-b57a-a857fc4104e7" />
      <TestMethod codeBase="C:/Language/Web/FrogBlogger/FrogBlogger.Web.Tests/bin/Debug/FrogBlogger.Web.Tests.DLL" adapterTypeName="Microsoft.VisualStudio.TestTools.TestTypes.Unit.UnitTestAdapter, Microsoft.VisualStudio.QualityTools.Tips.UnitTest.Adapter, Version=10.0.0.0, Culture=neutral, PublicKeyToken=b03f5f7f11d50a3a" className="FrogBlogger.Web.Tests.Controllers.AccountControllerTest, FrogBlogger.Web.Tests, Version=1.0.0.0, Culture=neutral, PublicKeyToken=null" name="RegisterPostRedirectsHomeIfRegistrationSuccessful" />
    </UnitTest>
    <UnitTest name="LoginGet" storage="c:\language\web\frogblogger\frogblogger.web.tests\bin\debug\frogblogger.web.tests.dll" id="bbed69ad-ff3e-2200-3681-913906eebaa9">
      <Execution id="4eacbe3a-5be2-4fc7-ace1-3f1c457daf5a" />
      <TestMethod codeBase="C:/Language/Web/FrogBlogger/FrogBlogger.Web.Tests/bin/Debug/FrogBlogger.Web.Tests.DLL" adapterTypeName="Microsoft.VisualStudio.TestTools.TestTypes.Unit.UnitTestAdapter, Microsoft.VisualStudio.QualityTools.Tips.UnitTest.Adapter, Version=10.0.0.0, Culture=neutral, PublicKeyToken=b03f5f7f11d50a3a" className="FrogBlogger.Web.Tests.Controllers.AccountControllerTest, FrogBlogger.Web.Tests, Version=1.0.0.0, Culture=neutral, PublicKeyToken=null" name="LoginGet" />
    </UnitTest>
    <UnitTest name="RegisterPostReturnsViewIfUsernameNotSpecified" storage="c:\language\web\frogblogger\frogblogger.web.tests\bin\debug\frogblogger.web.tests.dll" id="5b123ecc-4811-dfc8-3daf-c0513d33c411">
      <Execution id="1d60d3f4-78dc-43e7-ae88-c1757e1f3760" />
      <TestMethod codeBase="C:/Language/Web/FrogBlogger/FrogBlogger.Web.Tests/bin/Debug/FrogBlogger.Web.Tests.DLL" adapterTypeName="Microsoft.VisualStudio.TestTools.TestTypes.Unit.UnitTestAdapter, Microsoft.VisualStudio.QualityTools.Tips.UnitTest.Adapter, Version=10.0.0.0, Culture=neutral, PublicKeyToken=b03f5f7f11d50a3a" className="FrogBlogger.Web.Tests.Controllers.AccountControllerTest, FrogBlogger.Web.Tests, Version=1.0.0.0, Culture=neutral, PublicKeyToken=null" name="RegisterPostReturnsViewIfUsernameNotSpecified" />
    </UnitTest>
    <UnitTest name="Index" storage="c:\language\web\frogblogger\frogblogger.web.tests\bin\debug\frogblogger.web.tests.dll" id="a24a1ed7-7b51-f4a2-5121-06809aa2c911">
      <Execution id="8afa3538-4e86-4c4a-bf4a-6a922c43b212" />
      <TestMethod codeBase="C:/Language/Web/FrogBlogger/FrogBlogger.Web.Tests/bin/Debug/FrogBlogger.Web.Tests.DLL" adapterTypeName="Microsoft.VisualStudio.TestTools.TestTypes.Unit.UnitTestAdapter, Microsoft.VisualStudio.QualityTools.Tips.UnitTest.Adapter, Version=10.0.0.0, Culture=neutral, PublicKeyToken=b03f5f7f11d50a3a" className="FrogBlogger.Web.Tests.Controllers.HomeControllerTest, FrogBlogger.Web.Tests, Version=1.0.0.0, Culture=neutral, PublicKeyToken=null" name="Index" />
    </UnitTest>
    <UnitTest name="ConstructorSetsProperties" storage="c:\language\web\frogblogger\frogblogger.web.tests\bin\debug\frogblogger.web.tests.dll" id="9af8153b-8063-399e-f0f9-0bf22449261d">
      <Execution id="87bbcd27-1216-47bf-be31-8f820c4f8445" />
      <TestMethod codeBase="C:/Language/Web/FrogBlogger/FrogBlogger.Web.Tests/bin/Debug/FrogBlogger.Web.Tests.DLL" adapterTypeName="Microsoft.VisualStudio.TestTools.TestTypes.Unit.UnitTestAdapter, Microsoft.VisualStudio.QualityTools.Tips.UnitTest.Adapter, Version=10.0.0.0, Culture=neutral, PublicKeyToken=b03f5f7f11d50a3a" className="FrogBlogger.Web.Tests.Controllers.AccountControllerTest, FrogBlogger.Web.Tests, Version=1.0.0.0, Culture=neutral, PublicKeyToken=null" name="ConstructorSetsProperties" />
    </UnitTest>
    <UnitTest name="ChangePasswordPostReturnsViewIfNewPasswordIsNull" storage="c:\language\web\frogblogger\frogblogger.web.tests\bin\debug\frogblogger.web.tests.dll" id="e69340f8-8ef8-b17b-ba8c-e12d897e1f29">
      <Execution id="41e86262-c2af-41d5-8489-94b913a7a33e" />
      <TestMethod codeBase="C:/Language/Web/FrogBlogger/FrogBlogger.Web.Tests/bin/Debug/FrogBlogger.Web.Tests.DLL" adapterTypeName="Microsoft.VisualStudio.TestTools.TestTypes.Unit.UnitTestAdapter, Microsoft.VisualStudio.QualityTools.Tips.UnitTest.Adapter, Version=10.0.0.0, Culture=neutral, PublicKeyToken=b03f5f7f11d50a3a" className="FrogBlogger.Web.Tests.Controllers.AccountControllerTest, FrogBlogger.Web.Tests, Version=1.0.0.0, Culture=neutral, PublicKeyToken=null" name="ChangePasswordPostReturnsViewIfNewPasswordIsNull" />
    </UnitTest>
  </TestDefinitions>
  <TestLists>
    <TestList name="Results Not in a List" id="8c84fa94-04c1-424b-9868-57a2d4851a1d" />
    <TestList name="All Loaded Results" id="19431567-8539-422a-85d7-44ee4e166bda" />
  </TestLists>
  <TestEntries>
    <TestEntry testId="07781006-b0a9-3a6f-8504-9525f876084b" executionId="bdfb8869-1b09-400a-a9d9-1116d803f34e" testListId="8c84fa94-04c1-424b-9868-57a2d4851a1d" />
    <TestEntry testId="2126fbff-b698-e4e5-da95-000f5a6c3b0a" executionId="c2a400e9-062b-4982-ab9a-ede7a76c533a" testListId="8c84fa94-04c1-424b-9868-57a2d4851a1d" />
    <TestEntry testId="27b0a65f-9909-5003-537e-59445e3de9ce" executionId="562c6705-19b5-454f-8b81-bcd294b689f4" testListId="8c84fa94-04c1-424b-9868-57a2d4851a1d" />
    <TestEntry testId="378cf42e-2a25-8603-4868-3fb087928de3" executionId="ebb2a426-a1a0-41c8-9bf3-25a2a501efef" testListId="8c84fa94-04c1-424b-9868-57a2d4851a1d" />
    <TestEntry testId="3ae650f2-bbc4-86bc-5901-267f16488835" executionId="b82826c8-d12e-4c8e-8ee1-014b711e9938" testListId="8c84fa94-04c1-424b-9868-57a2d4851a1d" />
    <TestEntry testId="3bd3cbb1-af11-f4d7-55c2-f9720d71df29" executionId="22f84b07-6358-48c0-92bf-5e7795c3eb5f" testListId="8c84fa94-04c1-424b-9868-57a2d4851a1d" />
    <TestEntry testId="4025fa16-788b-c18e-82b3-92ee7e85423b" executionId="c5ec4755-84fd-4b31-a781-a214f94b9c02" testListId="8c84fa94-04c1-424b-9868-57a2d4851a1d" />
    <TestEntry testId="40d8ce23-5753-83eb-d60b-e631cdf73f6a" executionId="3a147f43-7e42-4fde-900d-b1e7f6673a99" testListId="8c84fa94-04c1-424b-9868-57a2d4851a1d" />
    <TestEntry testId="530774fd-246e-f5a1-7006-11644a65f9da" executionId="033f11a2-d1d7-4495-909a-8892392ad48e" testListId="8c84fa94-04c1-424b-9868-57a2d4851a1d" />
    <TestEntry testId="5b123ecc-4811-dfc8-3daf-c0513d33c411" executionId="1d60d3f4-78dc-43e7-ae88-c1757e1f3760" testListId="8c84fa94-04c1-424b-9868-57a2d4851a1d" />
    <TestEntry testId="60607752-d99d-49f1-cd7c-f40eaf612519" executionId="da8ad9c0-9b44-49e1-8ceb-60c22c064960" testListId="8c84fa94-04c1-424b-9868-57a2d4851a1d" />
    <TestEntry testId="64da27e1-c4a9-ac41-325d-3e8e47a9505d" executionId="bd23bec4-fa62-481e-a28b-996885f54a5a" testListId="8c84fa94-04c1-424b-9868-57a2d4851a1d" />
    <TestEntry testId="64dc0e59-0a24-fcc8-8a3e-0e3dc0901dc5" executionId="8fb81b18-6849-4aa2-a4d8-58d50e3422c3" testListId="8c84fa94-04c1-424b-9868-57a2d4851a1d" />
    <TestEntry testId="66a93b30-13be-a5ce-1b16-a32f34b2e3a0" executionId="92d28d9e-f77e-4617-a744-80423258afe2" testListId="8c84fa94-04c1-424b-9868-57a2d4851a1d" />
    <TestEntry testId="6daa841a-f45a-d29e-30d4-032ec089cfda" executionId="101a657c-be98-4fa3-a8fb-0bad2f260516" testListId="8c84fa94-04c1-424b-9868-57a2d4851a1d" />
    <TestEntry testId="8705de75-aa27-3c0b-e7d7-7a031141d2af" executionId="82eac581-2355-4f11-8c6e-a4292c3ce299" testListId="8c84fa94-04c1-424b-9868-57a2d4851a1d" />
    <TestEntry testId="989bf413-9b64-b295-81a9-c1f4dad6c6af" executionId="3effb685-d1f6-4c04-9633-5b18275a1b43" testListId="8c84fa94-04c1-424b-9868-57a2d4851a1d" />
    <TestEntry testId="9af8153b-8063-399e-f0f9-0bf22449261d" executionId="87bbcd27-1216-47bf-be31-8f820c4f8445" testListId="8c84fa94-04c1-424b-9868-57a2d4851a1d" />
    <TestEntry testId="a24a1ed7-7b51-f4a2-5121-06809aa2c911" executionId="8afa3538-4e86-4c4a-bf4a-6a922c43b212" testListId="8c84fa94-04c1-424b-9868-57a2d4851a1d" />
    <TestEntry testId="a327f85f-9010-010b-714e-1c85859c8d10" executionId="663ee59b-fdd5-4cc2-906a-5ca8fb1fd136" testListId="8c84fa94-04c1-424b-9868-57a2d4851a1d" />
    <TestEntry testId="addf1109-fdcc-a26a-a59f-20d484056000" executionId="338ff3f8-5740-4ef3-83ec-8505252eaded" testListId="8c84fa94-04c1-424b-9868-57a2d4851a1d" />
    <TestEntry testId="bbed69ad-ff3e-2200-3681-913906eebaa9" executionId="4eacbe3a-5be2-4fc7-ace1-3f1c457daf5a" testListId="8c84fa94-04c1-424b-9868-57a2d4851a1d" />
    <TestEntry testId="d0e0adc6-69cf-7f5c-5748-4ae4a0bd7984" executionId="f71bb5f4-45c2-41ad-948f-3f50590ef6a2" testListId="8c84fa94-04c1-424b-9868-57a2d4851a1d" />
    <TestEntry testId="d157f167-62aa-b633-df12-b2be68680b24" executionId="df7aad19-9221-40ef-a42a-b34dfa1cff73" testListId="8c84fa94-04c1-424b-9868-57a2d4851a1d" />
    <TestEntry testId="e600770e-0f32-ded8-fd02-cdb7f624cf43" executionId="75e841ad-775e-4637-8948-8568bd1a9ee8" testListId="8c84fa94-04c1-424b-9868-57a2d4851a1d" />
    <TestEntry testId="e69340f8-8ef8-b17b-ba8c-e12d897e1f29" executionId="41e86262-c2af-41d5-8489-94b913a7a33e" testListId="8c84fa94-04c1-424b-9868-57a2d4851a1d" />
    <TestEntry testId="f10b962a-d76e-7420-e5b1-e4f36ed1c63c" executionId="7d7d844b-f570-4e6e-b1da-f41117942f13" testListId="8c84fa94-04c1-424b-9868-57a2d4851a1d" />
    <TestEntry testId="f65198d7-8f9f-a078-7c7d-7eb8d2e14808" executionId="28bb7ab9-e58f-4638-b57a-a857fc4104e7" testListId="8c84fa94-04c1-424b-9868-57a2d4851a1d" />
    <TestEntry testId="f8981536-bb73-b477-5f09-8a468de4b0d6" executionId="bb5417be-0842-4d5d-97dd-2291d98f8eb1" testListId="8c84fa94-04c1-424b-9868-57a2d4851a1d" />
  </TestEntries>
  <Results>
    <UnitTestResult executionId="bdfb8869-1b09-400a-a9d9-1116d803f34e" testId="07781006-b0a9-3a6f-8504-9525f876084b" testName="ChangePasswordPostReturnsViewIfNewPasswordIsTooShort" computerName="SEANFAOLP1" duration="00:00:00.0658151" startTime="2009-11-30T21:26:57.8923693-05:00" endTime="2009-11-30T21:26:58.8474240-05:00" testType="13cdc9d9-ddb5-4fa4-a97d-d965ccfc6d4b" outcome="Passed" testListId="8c84fa94-04c1-424b-9868-57a2d4851a1d" relativeResultsDirectory="bdfb8869-1b09-400a-a9d9-1116d803f34e">
    </UnitTestResult>
    <UnitTestResult executionId="c2a400e9-062b-4982-ab9a-ede7a76c533a" testId="2126fbff-b698-e4e5-da95-000f5a6c3b0a" testName="LoginPostReturnsViewIfUsernameOrPasswordIsIncorrect" computerName="SEANFAOLP1" duration="00:00:00.0015346" startTime="2009-11-30T21:26:58.8614248-05:00" endTime="2009-11-30T21:26:58.8674251-05:00" testType="13cdc9d9-ddb5-4fa4-a97d-d965ccfc6d4b" outcome="Passed" testListId="8c84fa94-04c1-424b-9868-57a2d4851a1d" relativeResultsDirectory="c2a400e9-062b-4982-ab9a-ede7a76c533a">
    </UnitTestResult>
    <UnitTestResult executionId="562c6705-19b5-454f-8b81-bcd294b689f4" testId="27b0a65f-9909-5003-537e-59445e3de9ce" testName="RegisterPostReturnsViewIfRegistrationFails" computerName="SEANFAOLP1" duration="00:00:00.0047163" startTime="2009-11-30T21:26:58.8704253-05:00" endTime="2009-11-30T21:26:58.8794258-05:00" testType="13cdc9d9-ddb5-4fa4-a97d-d965ccfc6d4b" outcome="Passed" testListId="8c84fa94-04c1-424b-9868-57a2d4851a1d" relativeResultsDirectory="562c6705-19b5-454f-8b81-bcd294b689f4">
    </UnitTestResult>
    <UnitTestResult executionId="ebb2a426-a1a0-41c8-9bf3-25a2a501efef" testId="378cf42e-2a25-8603-4868-3fb087928de3" testName="LogOff" computerName="SEANFAOLP1" duration="00:00:00.0345860" startTime="2009-11-30T21:26:58.8834260-05:00" endTime="2009-11-30T21:26:58.9234283-05:00" testType="13cdc9d9-ddb5-4fa4-a97d-d965ccfc6d4b" outcome="Passed" testListId="8c84fa94-04c1-424b-9868-57a2d4851a1d" relativeResultsDirectory="ebb2a426-a1a0-41c8-9bf3-25a2a501efef">
    </UnitTestResult>
    <UnitTestResult executionId="b82826c8-d12e-4c8e-8ee1-014b711e9938" testId="3ae650f2-bbc4-86bc-5901-267f16488835" testName="ChangePasswordSuccess" computerName="SEANFAOLP1" duration="00:00:00.0008649" startTime="2009-11-30T21:26:58.9304287-05:00" endTime="2009-11-30T21:26:58.9404293-05:00" testType="13cdc9d9-ddb5-4fa4-a97d-d965ccfc6d4b" outcome="Passed" testListId="8c84fa94-04c1-424b-9868-57a2d4851a1d" relativeResultsDirectory="b82826c8-d12e-4c8e-8ee1-014b711e9938">
    </UnitTestResult>
    <UnitTestResult executionId="22f84b07-6358-48c0-92bf-5e7795c3eb5f" testId="3bd3cbb1-af11-f4d7-55c2-f9720d71df29" testName="ChangePasswordPostRedirectsOnSuccess" computerName="SEANFAOLP1" duration="00:00:00.0034664" startTime="2009-11-30T21:26:58.9484298-05:00" endTime="2009-11-30T21:26:58.9624306-05:00" testType="13cdc9d9-ddb5-4fa4-a97d-d965ccfc6d4b" outcome="Passed" testListId="8c84fa94-04c1-424b-9868-57a2d4851a1d" relativeResultsDirectory="22f84b07-6358-48c0-92bf-5e7795c3eb5f">
    </UnitTestResult>
    <UnitTestResult executionId="c5ec4755-84fd-4b31-a781-a214f94b9c02" testId="4025fa16-788b-c18e-82b3-92ee7e85423b" testName="TestFetch" computerName="SEANFAOLP1" duration="00:00:00.1792860" startTime="2009-11-30T21:26:58.9684309-05:00" endTime="2009-11-30T21:26:59.8434809-05:00" testType="13cdc9d9-ddb5-4fa4-a97d-d965ccfc6d4b" outcome="Failed" testListId="8c84fa94-04c1-424b-9868-57a2d4851a1d" relativeResultsDirectory="c5ec4755-84fd-4b31-a781-a214f94b9c02">
      <Output>
        <ErrorInfo>
          <Message>Test method FrogBlogger.Tests.RepositoryTest.TestFetch threw exception: 
System.NullReferenceException: Object reference not set to an instance of an object.</Message>
          <StackTrace>    at FrogBlogger.Dal.DatabaseUtility.GetContext() in C:\Language\Web\FrogBlogger\FrogBlogger.Dal\DatabaseUtility.cs:line 17
   at FrogBlogger.Dal.DataRepository`1..ctor() in C:\Language\Web\FrogBlogger\FrogBlogger.Dal\DataRepository.cs:line 36
   at FrogBlogger.Tests.RepositoryTest.TestFetch() in C:\Language\Web\FrogBlogger\FrogBlogger.Tests\RepositoryTest.cs:line 93
</StackTrace>
        </ErrorInfo>
      </Output>
    </UnitTestResult>
    <UnitTestResult executionId="3a147f43-7e42-4fde-900d-b1e7f6673a99" testId="40d8ce23-5753-83eb-d60b-e631cdf73f6a" testName="ConstructorSetsPropertiesToDefaultValues" computerName="SEANFAOLP1" duration="00:00:00.1569057" startTime="2009-11-30T21:26:59.8464811-05:00" endTime="2009-11-30T21:27:00.0214911-05:00" testType="13cdc9d9-ddb5-4fa4-a97d-d965ccfc6d4b" outcome="Passed" testListId="8c84fa94-04c1-424b-9868-57a2d4851a1d" relativeResultsDirectory="3a147f43-7e42-4fde-900d-b1e7f6673a99">
    </UnitTestResult>
    <UnitTestResult executionId="033f11a2-d1d7-4495-909a-8892392ad48e" testId="530774fd-246e-f5a1-7006-11644a65f9da" testName="LoginPostRedirectsToReturnUrlIfLoginSuccessfulAndReturnUrlGiven" computerName="SEANFAOLP1" duration="00:00:00.0033741" startTime="2009-11-30T21:27:00.0284915-05:00" endTime="2009-11-30T21:27:00.0434924-05:00" testType="13cdc9d9-ddb5-4fa4-a97d-d965ccfc6d4b" outcome="Passed" testListId="8c84fa94-04c1-424b-9868-57a2d4851a1d" relativeResultsDirectory="033f11a2-d1d7-4495-909a-8892392ad48e">
    </UnitTestResult>
    <UnitTestResult executionId="1d60d3f4-78dc-43e7-ae88-c1757e1f3760" testId="5b123ecc-4811-dfc8-3daf-c0513d33c411" testName="RegisterPostReturnsViewIfUsernameNotSpecified" computerName="SEANFAOLP1" duration="00:00:00.0010408" startTime="2009-11-30T21:27:00.0494927-05:00" endTime="2009-11-30T21:27:00.0594933-05:00" testType="13cdc9d9-ddb5-4fa4-a97d-d965ccfc6d4b" outcome="Passed" testListId="8c84fa94-04c1-424b-9868-57a2d4851a1d" relativeResultsDirectory="1d60d3f4-78dc-43e7-ae88-c1757e1f3760">
    </UnitTestResult>
    <UnitTestResult executionId="da8ad9c0-9b44-49e1-8ceb-60c22c064960" testId="60607752-d99d-49f1-cd7c-f40eaf612519" testName="About" computerName="SEANFAOLP1" duration="00:00:00.0007868" startTime="2009-11-30T21:27:00.0634935-05:00" endTime="2009-11-30T21:27:00.0694939-05:00" testType="13cdc9d9-ddb5-4fa4-a97d-d965ccfc6d4b" outcome="Passed" testListId="8c84fa94-04c1-424b-9868-57a2d4851a1d" relativeResultsDirectory="da8ad9c0-9b44-49e1-8ceb-60c22c064960">
    </UnitTestResult>
    <UnitTestResult executionId="bd23bec4-fa62-481e-a28b-996885f54a5a" testId="64da27e1-c4a9-ac41-325d-3e8e47a9505d" testName="LoginPostReturnsViewIfPasswordNotSpecified" computerName="SEANFAOLP1" duration="00:00:00.0004766" startTime="2009-11-30T21:27:00.0734941-05:00" endTime="2009-11-30T21:27:00.0784944-05:00" testType="13cdc9d9-ddb5-4fa4-a97d-d965ccfc6d4b" outcome="Passed" testListId="8c84fa94-04c1-424b-9868-57a2d4851a1d" relativeResultsDirectory="bd23bec4-fa62-481e-a28b-996885f54a5a">
    </UnitTestResult>
    <UnitTestResult executionId="8fb81b18-6849-4aa2-a4d8-58d50e3422c3" testId="64dc0e59-0a24-fcc8-8a3e-0e3dc0901dc5" testName="LoginPostReturnsViewIfUsernameNotSpecified" computerName="SEANFAOLP1" duration="00:00:00.0004706" startTime="2009-11-30T21:27:00.0834947-05:00" endTime="2009-11-30T21:27:00.0884950-05:00" testType="13cdc9d9-ddb5-4fa4-a97d-d965ccfc6d4b" outcome="Passed" testListId="8c84fa94-04c1-424b-9868-57a2d4851a1d" relativeResultsDirectory="8fb81b18-6849-4aa2-a4d8-58d50e3422c3">
    </UnitTestResult>
    <UnitTestResult executionId="92d28d9e-f77e-4617-a744-80423258afe2" testId="66a93b30-13be-a5ce-1b16-a32f34b2e3a0" testName="LoginPostRedirectsHomeIfLoginSuccessfulButNoReturnUrlGiven" computerName="SEANFAOLP1" duration="00:00:00.0004215" startTime="2009-11-30T21:27:00.0924952-05:00" endTime="2009-11-30T21:27:00.0974955-05:00" testType="13cdc9d9-ddb5-4fa4-a97d-d965ccfc6d4b" outcome="Passed" testListId="8c84fa94-04c1-424b-9868-57a2d4851a1d" relativeResultsDirectory="92d28d9e-f77e-4617-a744-80423258afe2">
    </UnitTestResult>
    <UnitTestResult executionId="101a657c-be98-4fa3-a8fb-0bad2f260516" testId="6daa841a-f45a-d29e-30d4-032ec089cfda" testName="CreateTest" computerName="SEANFAOLP1" duration="00:00:00.0135852" startTime="2009-11-30T21:27:00.1024958-05:00" endTime="2009-11-30T21:27:00.1204968-05:00" testType="13cdc9d9-ddb5-4fa4-a97d-d965ccfc6d4b" outcome="Failed" testListId="8c84fa94-04c1-424b-9868-57a2d4851a1d" relativeResultsDirectory="101a657c-be98-4fa3-a8fb-0bad2f260516">
      <Output>
        <ErrorInfo>
          <Message>Test method FrogBlogger.Tests.RepositoryTest.CreateTest threw exception: 
System.NullReferenceException: Object reference not set to an instance of an object.</Message>
          <StackTrace>    at FrogBlogger.Dal.DatabaseUtility.GetContext() in C:\Language\Web\FrogBlogger\FrogBlogger.Dal\DatabaseUtility.cs:line 17
   at FrogBlogger.Dal.DataRepository`1..ctor() in C:\Language\Web\FrogBlogger\FrogBlogger.Dal\DataRepository.cs:line 36
   at FrogBlogger.Tests.RepositoryTest.CreateTest() in C:\Language\Web\FrogBlogger\FrogBlogger.Tests\RepositoryTest.cs:line 76
</StackTrace>
        </ErrorInfo>
      </Output>
    </UnitTestResult>
    <UnitTestResult executionId="82eac581-2355-4f11-8c6e-a4292c3ce299" testId="8705de75-aa27-3c0b-e7d7-7a031141d2af" testName="RegisterGet" computerName="SEANFAOLP1" duration="00:00:00.0006275" startTime="2009-11-30T21:27:00.1284972-05:00" endTime="2009-11-30T21:27:00.1354976-05:00" testType="13cdc9d9-ddb5-4fa4-a97d-d965ccfc6d4b" outcome="Passed" testListId="8c84fa94-04c1-424b-9868-57a2d4851a1d" relativeResultsDirectory="82eac581-2355-4f11-8c6e-a4292c3ce299">
    </UnitTestResult>
    <UnitTestResult executionId="3effb685-d1f6-4c04-9633-5b18275a1b43" testId="989bf413-9b64-b295-81a9-c1f4dad6c6af" testName="RegisterPostReturnsViewIfNewPasswordDoesNotMatchConfirmPassword" computerName="SEANFAOLP1" duration="00:00:00.0005808" startTime="2009-11-30T21:27:00.1384978-05:00" endTime="2009-11-30T21:27:00.1434981-05:00" testType="13cdc9d9-ddb5-4fa4-a97d-d965ccfc6d4b" outcome="Passed" testListId="8c84fa94-04c1-424b-9868-57a2d4851a1d" relativeResultsDirectory="3effb685-d1f6-4c04-9633-5b18275a1b43">
    </UnitTestResult>
    <UnitTestResult executionId="87bbcd27-1216-47bf-be31-8f820c4f8445" testId="9af8153b-8063-399e-f0f9-0bf22449261d" testName="ConstructorSetsProperties" computerName="SEANFAOLP1" duration="00:00:00.0010307" startTime="2009-11-30T21:27:00.1604991-05:00" endTime="2009-11-30T21:27:00.1674995-05:00" testType="13cdc9d9-ddb5-4fa4-a97d-d965ccfc6d4b" outcome="Passed" testListId="8c84fa94-04c1-424b-9868-57a2d4851a1d" relativeResultsDirectory="87bbcd27-1216-47bf-be31-8f820c4f8445">
    </UnitTestResult>
    <UnitTestResult executionId="8afa3538-4e86-4c4a-bf4a-6a922c43b212" testId="a24a1ed7-7b51-f4a2-5121-06809aa2c911" testName="Index" computerName="SEANFAOLP1" duration="00:00:00.0005073" startTime="2009-11-30T21:27:00.1714997-05:00" endTime="2009-11-30T21:27:00.1775000-05:00" testType="13cdc9d9-ddb5-4fa4-a97d-d965ccfc6d4b" outcome="Passed" testListId="8c84fa94-04c1-424b-9868-57a2d4851a1d" relativeResultsDirectory="8afa3538-4e86-4c4a-bf4a-6a922c43b212">
    </UnitTestResult>
    <UnitTestResult executionId="663ee59b-fdd5-4cc2-906a-5ca8fb1fd136" testId="a327f85f-9010-010b-714e-1c85859c8d10" testName="RegisterPostReturnsViewIfPasswordIsNull" computerName="SEANFAOLP1" duration="00:00:00.0005399" startTime="2009-11-30T21:27:00.1805002-05:00" endTime="2009-11-30T21:27:00.1865006-05:00" testType="13cdc9d9-ddb5-4fa4-a97d-d965ccfc6d4b" outcome="Passed" testListId="8c84fa94-04c1-424b-9868-57a2d4851a1d" relativeResultsDirectory="663ee59b-fdd5-4cc2-906a-5ca8fb1fd136">
    </UnitTestResult>
    <UnitTestResult executionId="338ff3f8-5740-4ef3-83ec-8505252eaded" testId="addf1109-fdcc-a26a-a59f-20d484056000" testName="ChangePasswordPostReturnsViewIfProviderRejectsPassword" computerName="SEANFAOLP1" duration="00:00:00.0005452" startTime="2009-11-30T21:27:00.1905008-05:00" endTime="2009-11-30T21:27:00.1955011-05:00" testType="13cdc9d9-ddb5-4fa4-a97d-d965ccfc6d4b" outcome="Passed" testListId="8c84fa94-04c1-424b-9868-57a2d4851a1d" relativeResultsDirectory="338ff3f8-5740-4ef3-83ec-8505252eaded">
    </UnitTestResult>
    <UnitTestResult executionId="4eacbe3a-5be2-4fc7-ace1-3f1c457daf5a" testId="bbed69ad-ff3e-2200-3681-913906eebaa9" testName="LoginGet" computerName="SEANFAOLP1" duration="00:00:00.0004245" startTime="2009-11-30T21:27:00.1995013-05:00" endTime="2009-11-30T21:27:00.2045016-05:00" testType="13cdc9d9-ddb5-4fa4-a97d-d965ccfc6d4b" outcome="Passed" testListId="8c84fa94-04c1-424b-9868-57a2d4851a1d" relativeResultsDirectory="4eacbe3a-5be2-4fc7-ace1-3f1c457daf5a">
    </UnitTestResult>
    <UnitTestResult executionId="f71bb5f4-45c2-41ad-948f-3f50590ef6a2" testId="d0e0adc6-69cf-7f5c-5748-4ae4a0bd7984" testName="ChangePasswordPostReturnsViewIfCurrentPasswordNotSpecified" computerName="SEANFAOLP1" duration="00:00:00.0005500" startTime="2009-11-30T21:27:00.2085018-05:00" endTime="2009-11-30T21:27:00.2165023-05:00" testType="13cdc9d9-ddb5-4fa4-a97d-d965ccfc6d4b" outcome="Passed" testListId="8c84fa94-04c1-424b-9868-57a2d4851a1d" relativeResultsDirectory="f71bb5f4-45c2-41ad-948f-3f50590ef6a2">
    </UnitTestResult>
    <UnitTestResult executionId="df7aad19-9221-40ef-a42a-b34dfa1cff73" testId="d157f167-62aa-b633-df12-b2be68680b24" testName="ChangePasswordGetReturnsView" computerName="SEANFAOLP1" duration="00:00:00.0005849" startTime="2009-11-30T21:27:00.2205025-05:00" endTime="2009-11-30T21:27:00.2255028-05:00" testType="13cdc9d9-ddb5-4fa4-a97d-d965ccfc6d4b" outcome="Passed" testListId="8c84fa94-04c1-424b-9868-57a2d4851a1d" relativeResultsDirectory="df7aad19-9221-40ef-a42a-b34dfa1cff73">
    </UnitTestResult>
    <UnitTestResult executionId="75e841ad-775e-4637-8948-8568bd1a9ee8" testId="e600770e-0f32-ded8-fd02-cdb7f624cf43" testName="RegisterPostReturnsViewIfPasswordIsTooShort" computerName="SEANFAOLP1" duration="00:00:00.0005221" startTime="2009-11-30T21:27:00.2295030-05:00" endTime="2009-11-30T21:27:00.2345033-05:00" testType="13cdc9d9-ddb5-4fa4-a97d-d965ccfc6d4b" outcome="Passed" testListId="8c84fa94-04c1-424b-9868-57a2d4851a1d" relativeResultsDirectory="75e841ad-775e-4637-8948-8568bd1a9ee8">
    </UnitTestResult>
    <UnitTestResult executionId="41e86262-c2af-41d5-8489-94b913a7a33e" testId="e69340f8-8ef8-b17b-ba8c-e12d897e1f29" testName="ChangePasswordPostReturnsViewIfNewPasswordIsNull" computerName="SEANFAOLP1" duration="00:00:00.0005168" startTime="2009-11-30T21:27:00.2385035-05:00" endTime="2009-11-30T21:27:00.2445039-05:00" testType="13cdc9d9-ddb5-4fa4-a97d-d965ccfc6d4b" outcome="Passed" testListId="8c84fa94-04c1-424b-9868-57a2d4851a1d" relativeResultsDirectory="41e86262-c2af-41d5-8489-94b913a7a33e">
    </UnitTestResult>
    <UnitTestResult executionId="7d7d844b-f570-4e6e-b1da-f41117942f13" testId="f10b962a-d76e-7420-e5b1-e4f36ed1c63c" testName="RegisterPostReturnsViewIfEmailNotSpecified" computerName="SEANFAOLP1" duration="00:00:00.0006802" startTime="2009-11-30T21:27:00.2485041-05:00" endTime="2009-11-30T21:27:00.2535044-05:00" testType="13cdc9d9-ddb5-4fa4-a97d-d965ccfc6d4b" outcome="Passed" testListId="8c84fa94-04c1-424b-9868-57a2d4851a1d" relativeResultsDirectory="7d7d844b-f570-4e6e-b1da-f41117942f13">
    </UnitTestResult>
    <UnitTestResult executionId="28bb7ab9-e58f-4638-b57a-a857fc4104e7" testId="f65198d7-8f9f-a078-7c7d-7eb8d2e14808" testName="RegisterPostRedirectsHomeIfRegistrationSuccessful" computerName="SEANFAOLP1" duration="00:00:00.0004635" startTime="2009-11-30T21:27:00.2575046-05:00" endTime="2009-11-30T21:27:00.2635050-05:00" testType="13cdc9d9-ddb5-4fa4-a97d-d965ccfc6d4b" outcome="Passed" testListId="8c84fa94-04c1-424b-9868-57a2d4851a1d" relativeResultsDirectory="28bb7ab9-e58f-4638-b57a-a857fc4104e7">
    </UnitTestResult>
    <UnitTestResult executionId="bb5417be-0842-4d5d-97dd-2291d98f8eb1" testId="f8981536-bb73-b477-5f09-8a468de4b0d6" testName="ChangePasswordPostReturnsViewIfNewPasswordDoesNotMatchConfirmPassword" computerName="SEANFAOLP1" duration="00:00:00.0005204" startTime="2009-11-30T21:27:00.2675052-05:00" endTime="2009-11-30T21:27:00.2725055-05:00" testType="13cdc9d9-ddb5-4fa4-a97d-d965ccfc6d4b" outcome="Passed" testListId="8c84fa94-04c1-424b-9868-57a2d4851a1d" relativeResultsDirectory="bb5417be-0842-4d5d-97dd-2291d98f8eb1">
    </UnitTestResult>
  </Results>
</TestRun>